2025-04-21 15:01:04:14 [database] info: Connecting to MongoDB Atlas...
2025-04-21 15:01:07:17 [database] info: Connection to MongoDB Atlas successfully established.
2025-04-21 15:12:52:1252 [database] info: Connecting to MongoDB Atlas...
2025-04-21 15:12:55:1255 [database] info: Connection to MongoDB Atlas successfully established.
2025-04-21 15:20:24:2024 [database] info: Connecting to MongoDB Atlas...
2025-04-21 15:20:29:2029 [database] info: Connection to MongoDB Atlas successfully established.
2025-04-23 16:23:15:2315 [database] info: Connecting to MongoDB Atlas...
2025-04-23 16:23:21:2321 [database] error: Cannot connect to MongoDB Atlas: Could not connect to any servers in your MongoDB Atlas cluster. One common reason is that you're trying to access the database from an IP that isn't whitelisted. Make sure your current IP address is on your Atlas cluster's IP whitelist: https://www.mongodb.com/docs/atlas/security-whitelist/
2025-04-23 16:24:49:2449 [database] info: Connecting to MongoDB Atlas...
2025-04-23 16:24:51:2451 [database] info: Connection to MongoDB Atlas successfully established.
2025-04-23 16:27:27:2727 [database] info: Connecting to MongoDB Atlas...
2025-04-23 16:27:39:2739 [database] error: Cannot connect to MongoDB Atlas: Socket 'secureConnect' timed out after 10528ms (connectTimeoutMS: 10000)
2025-04-23 16:27:59:2759 [database] info: Connecting to MongoDB Atlas...
2025-04-23 16:28:01:281 [database] info: Connection to MongoDB Atlas successfully established.
2025-04-23 16:31:31:3131 [database] info: Connecting to MongoDB Atlas...
2025-04-23 16:31:34:3134 [database] info: Connection to MongoDB Atlas successfully established.
2025-04-23 16:32:12:3212 [database] info: Connecting to MongoDB Atlas...
2025-04-23 16:32:16:3216 [database] info: Connection to MongoDB Atlas successfully established.
2025-04-23 16:37:19:3719 [database] info: Connecting to MongoDB Atlas...
2025-04-23 16:37:32:3732 [database] error: Cannot connect to MongoDB Atlas: connection 1 to 89.193.166.240:27017 timed out
2025-04-23 16:37:44:3744 [database] info: Connecting to MongoDB Atlas...
2025-04-23 16:37:47:3747 [database] info: Connection to MongoDB Atlas successfully established.
2025-04-23 16:38:22:3822 [database] info: Connecting to MongoDB Atlas...
2025-04-23 16:38:25:3825 [database] info: Connection to MongoDB Atlas successfully established.
2025-04-23 16:40:07:407 [database] info: Connecting to MongoDB Atlas...
2025-04-23 16:40:09:409 [database] info: Connection to MongoDB Atlas successfully established.
2025-04-23 16:44:03:443 [database] info: Connecting to MongoDB Atlas...
2025-04-23 16:44:05:445 [database] info: Connection to MongoDB Atlas successfully established.
2025-04-24 22:13:57:1357 [database] info: Connecting to MongoDB Atlas...
2025-04-24 22:13:59:1359 [database] info: Connection to MongoDB Atlas successfully established.
2025-04-24 22:16:32:1632 [database] info: Connecting to MongoDB Atlas...
2025-04-24 22:16:35:1635 [database] info: Connection to MongoDB Atlas successfully established.
2025-04-24 22:23:01:231 [database] info: Connecting to MongoDB Atlas...
2025-04-24 22:23:03:233 [database] info: Connection to MongoDB Atlas successfully established.
2025-04-24 22:32:23:3223 [database] info: Connecting to MongoDB Atlas...
2025-04-24 22:32:24:3224 [database] info: Connection to MongoDB Atlas successfully established.
2025-04-24 22:41:10:4110 [database] info: Connecting to MongoDB Atlas...
2025-04-24 22:41:11:4111 [database] info: Connection to MongoDB Atlas successfully established.
2025-04-24 22:46:26:4626 [database] info: Connecting to MongoDB Atlas...
2025-04-24 22:46:28:4628 [database] info: Connection to MongoDB Atlas successfully established.
2025-04-24 22:53:18:5318 [database] info: Connecting to MongoDB Atlas...
2025-04-24 22:53:20:5320 [database] info: Connection to MongoDB Atlas successfully established.
2025-04-24 22:56:33:5633 [database] info: Connecting to MongoDB Atlas...
2025-04-24 22:56:35:5635 [database] info: Connection to MongoDB Atlas successfully established.
2025-04-24 23:04:46:446 [database] info: Connecting to MongoDB Atlas...
2025-04-24 23:04:48:448 [database] info: Connection to MongoDB Atlas successfully established.
2025-04-24 23:06:09:69 [database] info: Connecting to MongoDB Atlas...
2025-04-24 23:06:11:611 [database] info: Connection to MongoDB Atlas successfully established.
2025-04-25 09:47:26:4726 [database] info: Connecting to MongoDB Atlas...
2025-04-25 09:47:27:4727 [database] info: Connection to MongoDB Atlas successfully established.
2025-04-25 10:21:20:2120 [database] info: Connecting to MongoDB Atlas...
2025-04-25 10:21:23:2123 [database] info: Connection to MongoDB Atlas successfully established.
2025-04-25 12:09:17:917 [database] info: Connecting to MongoDB Atlas...
2025-04-25 12:09:18:918 [database] info: Connection to MongoDB Atlas successfully established.
2025-04-25 13:24:13:2413 [database] info: Connecting to MongoDB Atlas...
2025-04-25 13:24:15:2415 [database] info: Connection to MongoDB Atlas successfully established.
2025-04-25 13:29:27:2927 [database] info: Connecting to MongoDB Atlas...
2025-04-25 13:29:29:2929 [database] info: Connection to MongoDB Atlas successfully established.
2025-04-25 13:31:19:3119 [database] info: Connecting to MongoDB Atlas...
2025-04-25 13:31:21:3121 [database] info: Connection to MongoDB Atlas successfully established.
2025-04-25 20:39:32:3932 [database] info: Connecting to MongoDB Atlas...
2025-04-25 20:39:34:3934 [database] info: Connection to MongoDB Atlas successfully established.
2025-04-25 20:42:09:429 [database] info: Connecting to MongoDB Atlas...
2025-04-25 20:42:11:4211 [database] info: Connection to MongoDB Atlas successfully established.
2025-04-25 20:54:24:5424 [database] info: Connecting to MongoDB Atlas...
2025-04-25 20:54:27:5427 [database] info: Connection to MongoDB Atlas successfully established.
