2025-04-06 20:08:50:850 [simulator] info: Start of UDP-simulator of IoT devices
2025-04-06 20:08:50:850 [simulator] info: Number of devices: 10
2025-04-06 20:08:50:850 [simulator] info: Sending interval: 5000 ms
2025-04-06 20:08:50:850 [simulator] info: UDP host: localhost:41234
2025-04-06 20:08:50:850 [simulator] info: Port for command: 41235
2025-04-06 20:08:50:850 [simulator] info: Frequency of anomalies: 5%
2025-04-06 20:08:50:850 [device-generator] debug: Created device: {"deviceId":"dev-7f94ad47","type":"temperature","name":"Temperature Sensor 1","location":"Kitchen","status":"active","batteryLevel":9,"lastValue":22.94741602265982,"anomalyMode":false}
2025-04-06 20:08:50:850 [device-generator] debug: Created device: {"deviceId":"dev-1ab818c2","type":"temperature","name":"Temperature Sensor 2","location":"Kitchen","status":"active","batteryLevel":26,"lastValue":24.27979203923983,"anomalyMode":false}
2025-04-06 20:08:50:850 [device-generator] debug: Created device: {"deviceId":"dev-4a3bd444","type":"temperature","name":"Temperature Sensor 3","location":"Bathroom","status":"active","batteryLevel":62,"lastValue":24.647373868639555,"anomalyMode":false}
2025-04-06 20:08:50:850 [device-generator] debug: Created device: {"deviceId":"dev-d895d226","type":"temperature","name":"Temperature Sensor 4","location":"Cabinet","status":"active","batteryLevel":10,"lastValue":24.7479331602216,"anomalyMode":false}
2025-04-06 20:08:50:850 [device-generator] debug: Created device: {"deviceId":"dev-a970797a","type":"humidity","name":"Humidity Sensor 5","location":"Sleep Room","status":"active","batteryLevel":19,"lastValue":54.00153409916694,"anomalyMode":false}
2025-04-06 20:08:50:850 [device-generator] debug: Created device: {"deviceId":"dev-b9dbfa87","type":"humidity","name":"Humidity Sensor 6","location":"Bathroom","status":"active","batteryLevel":8,"lastValue":43.92387529441872,"anomalyMode":false}
2025-04-06 20:08:50:850 [device-generator] debug: Created device: {"deviceId":"dev-41647f4f","type":"humidity","name":"Humidity Sensor 7","location":"Bathroom","status":"active","batteryLevel":14,"lastValue":54.90230832575794,"anomalyMode":false}
2025-04-06 20:08:50:850 [device-generator] debug: Created device: {"deviceId":"dev-dd2fb216","type":"light","name":"Light Sensor 8","location":"Kitchen","status":"active","batteryLevel":48,"lastValue":476.5317289271646,"anomalyMode":false}
2025-04-06 20:08:50:850 [device-generator] debug: Created device: {"deviceId":"dev-0e7cb922","type":"opening","name":"Opening Sensor 9","location":"Bathroom","status":"active","batteryLevel":71,"lastValue":0,"anomalyMode":false}
2025-04-06 20:08:50:850 [device-generator] debug: Created device: {"deviceId":"dev-6c53ebbb","type":"pressure","name":"Pressure Sensor 10","location":"Bathroom","status":"active","batteryLevel":62,"lastValue":1005.6001979370485,"anomalyMode":false}
2025-04-06 20:08:50:850 [device-generator] info: Initialized 10 devices
2025-04-06 20:08:50:850 [udp-sender] info: UDP sender initialized for localhost:41234
2025-04-06 20:08:50:850 [command-receiver] info: Started receiving of command on port 41235
2025-04-06 20:08:50:850 [command-receiver] info: Command server listening on 0.0.0.0:41235.
2025-04-06 20:08:50:850 [simulator] debug: Data sent: {"deviceId":"dev-7f94ad47","type":"temperature","value":23.34537798204785,"timestamp":"2025-04-06T17:08:50.080Z","batteryLevel":8.980863791739212,"isAnomaly":false,"anomalyDetails":null}
2025-04-06 20:08:50:850 [simulator] debug: Data sent: {"deviceId":"dev-1ab818c2","type":"temperature","value":24.544449226122065,"timestamp":"2025-04-06T17:08:50.080Z","batteryLevel":25.910866020684516,"isAnomaly":false,"anomalyDetails":null}
2025-04-06 20:08:50:850 [simulator] debug: Data sent: {"deviceId":"dev-4a3bd444","type":"temperature","value":25.074608741307177,"timestamp":"2025-04-06T17:08:50.080Z","batteryLevel":61.89149965884899,"isAnomaly":false,"anomalyDetails":null}
2025-04-06 20:08:50:850 [simulator] debug: Data sent: {"deviceId":"dev-d895d226","type":"temperature","value":24.442837962289882,"timestamp":"2025-04-06T17:08:50.080Z","batteryLevel":9.83778873103588,"isAnomaly":false,"anomalyDetails":null}
2025-04-06 20:08:50:850 [simulator] debug: Data sent: {"deviceId":"dev-a970797a","type":"humidity","value":55.08968898445202,"timestamp":"2025-04-06T17:08:50.080Z","batteryLevel":18.96598115363043,"isAnomaly":false,"anomalyDetails":null}
2025-04-06 20:08:50:850 [simulator] debug: Data sent: {"deviceId":"dev-b9dbfa87","type":"humidity","value":43.06698511139303,"timestamp":"2025-04-06T17:08:50.080Z","batteryLevel":7.949962416062887,"isAnomaly":false,"anomalyDetails":null}
2025-04-06 20:08:50:850 [simulator] debug: Data sent: {"deviceId":"dev-dd2fb216","type":"light","value":520.4148556792429,"timestamp":"2025-04-06T17:08:50.080Z","batteryLevel":47.83977594220628,"isAnomaly":false,"anomalyDetails":null}
2025-04-06 20:08:50:850 [simulator] debug: Data sent: {"deviceId":"dev-41647f4f","type":"humidity","value":53.371138801523394,"timestamp":"2025-04-06T17:08:50.080Z","batteryLevel":13.869893166085994,"isAnomaly":false,"anomalyDetails":null}
2025-04-06 20:08:50:850 [simulator] debug: Data sent: {"deviceId":"dev-0e7cb922","type":"opening","value":0,"timestamp":"2025-04-06T17:08:50.080Z","batteryLevel":70.82472340571978,"isAnomaly":false,"anomalyDetails":null}
2025-04-06 20:08:50:850 [simulator] debug: Data sent: {"deviceId":"dev-6c53ebbb","type":"pressure","value":1005.1106156304072,"timestamp":"2025-04-06T17:08:50.080Z","batteryLevel":61.89018648660099,"isAnomaly":false,"anomalyDetails":null}
2025-04-06 20:08:55:855 [device-generator] debug: Anomaly detected for device dev-1ab818c2: Temperature critically high
2025-04-06 20:08:55:855 [simulator] debug: Data sent: {"deviceId":"dev-1ab818c2","type":"temperature","value":52.62103938942842,"timestamp":"2025-04-06T17:08:55.085Z","batteryLevel":25.714329279437838,"isAnomaly":true,"anomalyDetails":"Temperature critically high"}
2025-04-06 20:08:55:855 [simulator] debug: Data sent: {"deviceId":"dev-7f94ad47","type":"temperature","value":23.31612798259936,"timestamp":"2025-04-06T17:08:55.084Z","batteryLevel":8.784455369487885,"isAnomaly":false,"anomalyDetails":null}
2025-04-06 20:08:55:855 [simulator] debug: Data sent: {"deviceId":"dev-4a3bd444","type":"temperature","value":24.649119231195925,"timestamp":"2025-04-06T17:08:55.085Z","batteryLevel":61.78952829001124,"isAnomaly":false,"anomalyDetails":null}
2025-04-06 20:08:55:855 [simulator] debug: Data sent: {"deviceId":"dev-d895d226","type":"temperature","value":24.384721235758487,"timestamp":"2025-04-06T17:08:55.085Z","batteryLevel":9.680528387990659,"isAnomaly":false,"anomalyDetails":null}
2025-04-06 20:08:55:855 [simulator] debug: Data sent: {"deviceId":"dev-a970797a","type":"humidity","value":56.54536268883885,"timestamp":"2025-04-06T17:08:55.085Z","batteryLevel":18.872504602248217,"isAnomaly":false,"anomalyDetails":null}
2025-04-06 20:08:55:855 [simulator] debug: Data sent: {"deviceId":"dev-b9dbfa87","type":"humidity","value":42.985151977966865,"timestamp":"2025-04-06T17:08:55.085Z","batteryLevel":7.765211289812763,"isAnomaly":false,"anomalyDetails":null}
2025-04-06 20:08:55:855 [simulator] debug: Data sent: {"deviceId":"dev-41647f4f","type":"humidity","value":54.82465117303464,"timestamp":"2025-04-06T17:08:55.085Z","batteryLevel":13.848664790878656,"isAnomaly":false,"anomalyDetails":null}
2025-04-06 20:08:55:855 [simulator] debug: Data sent: {"deviceId":"dev-dd2fb216","type":"light","value":475.9095802957343,"timestamp":"2025-04-06T17:08:55.085Z","batteryLevel":47.81705815799047,"isAnomaly":false,"anomalyDetails":null}
2025-04-06 20:08:55:855 [simulator] debug: Data sent: {"deviceId":"dev-0e7cb922","type":"opening","value":0,"timestamp":"2025-04-06T17:08:55.085Z","batteryLevel":70.79565651062067,"isAnomaly":false,"anomalyDetails":null}
2025-04-06 20:08:55:855 [simulator] debug: Data sent: {"deviceId":"dev-6c53ebbb","type":"pressure","value":1004.161736722084,"timestamp":"2025-04-06T17:08:55.085Z","batteryLevel":61.743798147310066,"isAnomaly":false,"anomalyDetails":null}
2025-04-06 20:09:00:90 [device-generator] debug: Anomaly detected for device dev-41647f4f: Humidity critically low
2025-04-06 20:09:00:90 [simulator] debug: Data sent: {"deviceId":"dev-7f94ad47","type":"temperature","value":23.418469880245404,"timestamp":"2025-04-06T17:09:00.086Z","batteryLevel":8.600882353134331,"isAnomaly":false,"anomalyDetails":null}
2025-04-06 20:09:00:90 [simulator] debug: Data sent: {"deviceId":"dev-1ab818c2","type":"temperature","value":40,"timestamp":"2025-04-06T17:09:00.086Z","batteryLevel":25.689332978145387,"isAnomaly":false,"anomalyDetails":null}
2025-04-06 20:09:00:90 [simulator] debug: Data sent: {"deviceId":"dev-4a3bd444","type":"temperature","value":24.814692043496745,"timestamp":"2025-04-06T17:09:00.086Z","batteryLevel":61.596949032194516,"isAnomaly":false,"anomalyDetails":null}
2025-04-06 20:09:00:90 [simulator] debug: Data sent: {"deviceId":"dev-a970797a","type":"humidity","value":55.474004157724,"timestamp":"2025-04-06T17:09:00.086Z","batteryLevel":18.764466178436134,"isAnomaly":false,"anomalyDetails":null}
2025-04-06 20:09:00:90 [simulator] debug: Data sent: {"deviceId":"dev-d895d226","type":"temperature","value":24.431493348240885,"timestamp":"2025-04-06T17:09:00.086Z","batteryLevel":9.639568573025334,"isAnomaly":false,"anomalyDetails":null}
2025-04-06 20:09:00:90 [simulator] debug: Data sent: {"deviceId":"dev-b9dbfa87","type":"humidity","value":43.49396755247532,"timestamp":"2025-04-06T17:09:00.086Z","batteryLevel":7.67817471623857,"isAnomaly":false,"anomalyDetails":null}
2025-04-06 20:09:00:90 [simulator] debug: Data sent: {"deviceId":"dev-41647f4f","type":"humidity","value":6.205248048223728,"timestamp":"2025-04-06T17:09:00.087Z","batteryLevel":13.743230568272894,"isAnomaly":true,"anomalyDetails":"Humidity critically low"}
2025-04-06 20:09:00:90 [simulator] debug: Data sent: {"deviceId":"dev-dd2fb216","type":"light","value":495.4637484565983,"timestamp":"2025-04-06T17:09:00.087Z","batteryLevel":47.721649515775944,"isAnomaly":false,"anomalyDetails":null}
2025-04-06 20:09:00:90 [simulator] debug: Data sent: {"deviceId":"dev-0e7cb922","type":"opening","value":0,"timestamp":"2025-04-06T17:09:00.087Z","batteryLevel":70.75088009802792,"isAnomaly":false,"anomalyDetails":null}
2025-04-06 20:09:00:90 [simulator] debug: Data sent: {"deviceId":"dev-6c53ebbb","type":"pressure","value":1004.7322148648273,"timestamp":"2025-04-06T17:09:00.087Z","batteryLevel":61.55917402182351,"isAnomaly":false,"anomalyDetails":null}
2025-04-06 20:09:05:95 [simulator] debug: Data sent: {"deviceId":"dev-7f94ad47","type":"temperature","value":23.619006657409418,"timestamp":"2025-04-06T17:09:05.086Z","batteryLevel":8.537177842721583,"isAnomaly":false,"anomalyDetails":null}
2025-04-06 20:09:05:95 [simulator] debug: Data sent: {"deviceId":"dev-1ab818c2","type":"temperature","value":40,"timestamp":"2025-04-06T17:09:05.086Z","batteryLevel":25.489361428340274,"isAnomaly":false,"anomalyDetails":null}
2025-04-06 20:09:05:95 [simulator] debug: Data sent: {"deviceId":"dev-4a3bd444","type":"temperature","value":25.199774009446138,"timestamp":"2025-04-06T17:09:05.086Z","batteryLevel":61.498467945460945,"isAnomaly":false,"anomalyDetails":null}
2025-04-06 20:09:05:95 [simulator] debug: Data sent: {"deviceId":"dev-d895d226","type":"temperature","value":24.633181707670637,"timestamp":"2025-04-06T17:09:05.086Z","batteryLevel":9.519759673922374,"isAnomaly":false,"anomalyDetails":null}
2025-04-06 20:09:05:95 [simulator] debug: Data sent: {"deviceId":"dev-a970797a","type":"humidity","value":53.89254168121849,"timestamp":"2025-04-06T17:09:05.086Z","batteryLevel":18.61008233865611,"isAnomaly":false,"anomalyDetails":null}
2025-04-06 20:09:05:95 [simulator] debug: Data sent: {"deviceId":"dev-41647f4f","type":"humidity","value":7.722480113405262,"timestamp":"2025-04-06T17:09:05.086Z","batteryLevel":13.551469234318418,"isAnomaly":false,"anomalyDetails":null}
2025-04-06 20:09:05:95 [simulator] debug: Data sent: {"deviceId":"dev-b9dbfa87","type":"humidity","value":44.19588976372137,"timestamp":"2025-04-06T17:09:05.086Z","batteryLevel":7.482016624585515,"isAnomaly":false,"anomalyDetails":null}
2025-04-06 20:09:05:95 [simulator] debug: Data sent: {"deviceId":"dev-dd2fb216","type":"light","value":457.6315237348278,"timestamp":"2025-04-06T17:09:05.086Z","batteryLevel":47.62457854898946,"isAnomaly":false,"anomalyDetails":null}
2025-04-06 20:09:05:95 [simulator] debug: Data sent: {"deviceId":"dev-0e7cb922","type":"opening","value":0,"timestamp":"2025-04-06T17:09:05.086Z","batteryLevel":70.74763103177102,"isAnomaly":false,"anomalyDetails":null}
2025-04-06 20:09:05:95 [simulator] debug: Data sent: {"deviceId":"dev-6c53ebbb","type":"pressure","value":1004.1369578156102,"timestamp":"2025-04-06T17:09:05.086Z","batteryLevel":61.516076697784584,"isAnomaly":false,"anomalyDetails":null}
2025-04-06 20:09:10:910 [simulator] debug: Data sent: {"deviceId":"dev-7f94ad47","type":"temperature","value":23.131307096201557,"timestamp":"2025-04-06T17:09:10.087Z","batteryLevel":8.522350122367845,"isAnomaly":false,"anomalyDetails":null}
2025-04-06 20:09:10:910 [simulator] debug: Data sent: {"deviceId":"dev-1ab818c2","type":"temperature","value":39.6437835528726,"timestamp":"2025-04-06T17:09:10.087Z","batteryLevel":25.385547177108926,"isAnomaly":false,"anomalyDetails":null}
2025-04-06 20:09:10:910 [simulator] debug: Data sent: {"deviceId":"dev-4a3bd444","type":"temperature","value":25.141771934262056,"timestamp":"2025-04-06T17:09:10.087Z","batteryLevel":61.47252888711732,"isAnomaly":false,"anomalyDetails":null}
2025-04-06 20:09:10:910 [simulator] debug: Data sent: {"deviceId":"dev-d895d226","type":"temperature","value":25.045305580464728,"timestamp":"2025-04-06T17:09:10.087Z","batteryLevel":9.35565098190796,"isAnomaly":false,"anomalyDetails":null}
2025-04-06 20:09:10:910 [simulator] debug: Data sent: {"deviceId":"dev-b9dbfa87","type":"humidity","value":45.35727353969663,"timestamp":"2025-04-06T17:09:10.087Z","batteryLevel":7.379422865360014,"isAnomaly":false,"anomalyDetails":null}
2025-04-06 20:09:10:910 [simulator] debug: Data sent: {"deviceId":"dev-a970797a","type":"humidity","value":55.11366442466564,"timestamp":"2025-04-06T17:09:10.087Z","batteryLevel":18.428677814098485,"isAnomaly":false,"anomalyDetails":null}
2025-04-06 20:09:10:910 [simulator] debug: Data sent: {"deviceId":"dev-41647f4f","type":"humidity","value":7.670191232852407,"timestamp":"2025-04-06T17:09:10.087Z","batteryLevel":13.46535907973993,"isAnomaly":false,"anomalyDetails":null}
2025-04-06 20:09:10:910 [simulator] debug: Data sent: {"deviceId":"dev-dd2fb216","type":"light","value":421.9771407764007,"timestamp":"2025-04-06T17:09:10.087Z","batteryLevel":47.47463774180629,"isAnomaly":false,"anomalyDetails":null}
2025-04-06 20:09:10:910 [simulator] debug: Data sent: {"deviceId":"dev-0e7cb922","type":"opening","value":0,"timestamp":"2025-04-06T17:09:10.087Z","batteryLevel":70.73322772853126,"isAnomaly":false,"anomalyDetails":null}
2025-04-06 20:09:10:910 [simulator] debug: Data sent: {"deviceId":"dev-6c53ebbb","type":"pressure","value":1005.0070040428603,"timestamp":"2025-04-06T17:09:10.087Z","batteryLevel":61.39657728061382,"isAnomaly":false,"anomalyDetails":null}
2025-04-06 20:09:15:915 [simulator] debug: Data sent: {"deviceId":"dev-7f94ad47","type":"temperature","value":23.432233353343435,"timestamp":"2025-04-06T17:09:15.092Z","batteryLevel":8.395337313554295,"isAnomaly":false,"anomalyDetails":null}
2025-04-06 20:09:15:915 [simulator] debug: Data sent: {"deviceId":"dev-1ab818c2","type":"temperature","value":39.53622664522357,"timestamp":"2025-04-06T17:09:15.092Z","batteryLevel":25.263074473858655,"isAnomaly":false,"anomalyDetails":null}
2025-04-06 20:09:15:915 [simulator] debug: Data sent: {"deviceId":"dev-d895d226","type":"temperature","value":24.90678312646522,"timestamp":"2025-04-06T17:09:15.092Z","batteryLevel":9.248098141133095,"isAnomaly":false,"anomalyDetails":null}
2025-04-06 20:09:15:915 [simulator] debug: Data sent: {"deviceId":"dev-4a3bd444","type":"temperature","value":25.561914294500287,"timestamp":"2025-04-06T17:09:15.092Z","batteryLevel":61.463717746315744,"isAnomaly":false,"anomalyDetails":null}
2025-04-06 20:09:15:915 [simulator] debug: Data sent: {"deviceId":"dev-a970797a","type":"humidity","value":54.67591063957013,"timestamp":"2025-04-06T17:09:15.092Z","batteryLevel":18.29209875640099,"isAnomaly":false,"anomalyDetails":null}
2025-04-06 20:09:15:915 [simulator] debug: Data sent: {"deviceId":"dev-41647f4f","type":"humidity","value":6.900903195955509,"timestamp":"2025-04-06T17:09:15.092Z","batteryLevel":13.337436172795748,"isAnomaly":false,"anomalyDetails":null}
2025-04-06 20:09:15:915 [simulator] debug: Data sent: {"deviceId":"dev-b9dbfa87","type":"humidity","value":46.725265952166204,"timestamp":"2025-04-06T17:09:15.092Z","batteryLevel":7.335765356947307,"isAnomaly":false,"anomalyDetails":null}
2025-04-06 20:09:15:915 [simulator] debug: Data sent: {"deviceId":"dev-dd2fb216","type":"light","value":393.6021999488528,"timestamp":"2025-04-06T17:09:15.092Z","batteryLevel":47.4727412933461,"isAnomaly":false,"anomalyDetails":null}
2025-04-06 20:09:15:915 [simulator] debug: Data sent: {"deviceId":"dev-0e7cb922","type":"opening","value":0,"timestamp":"2025-04-06T17:09:15.092Z","batteryLevel":70.71248350321925,"isAnomaly":false,"anomalyDetails":null}
2025-04-06 20:09:15:915 [simulator] debug: Data sent: {"deviceId":"dev-6c53ebbb","type":"pressure","value":1004.8262057865228,"timestamp":"2025-04-06T17:09:15.092Z","batteryLevel":61.35371164570426,"isAnomaly":false,"anomalyDetails":null}
2025-04-06 20:09:20:920 [simulator] debug: Data sent: {"deviceId":"dev-7f94ad47","type":"temperature","value":23.66158638165288,"timestamp":"2025-04-06T17:09:20.098Z","batteryLevel":8.308320969825097,"isAnomaly":false,"anomalyDetails":null}
2025-04-06 20:09:20:920 [simulator] debug: Data sent: {"deviceId":"dev-1ab818c2","type":"temperature","value":39.14967242075341,"timestamp":"2025-04-06T17:09:20.098Z","batteryLevel":25.22070554973264,"isAnomaly":false,"anomalyDetails":null}
2025-04-06 20:09:20:920 [simulator] debug: Data sent: {"deviceId":"dev-4a3bd444","type":"temperature","value":25.46563016521311,"timestamp":"2025-04-06T17:09:20.098Z","batteryLevel":61.34863008109426,"isAnomaly":false,"anomalyDetails":null}
2025-04-06 20:09:20:920 [simulator] debug: Data sent: {"deviceId":"dev-a970797a","type":"humidity","value":53.39264235446733,"timestamp":"2025-04-06T17:09:20.098Z","batteryLevel":18.208842524625297,"isAnomaly":false,"anomalyDetails":null}
2025-04-06 20:09:20:920 [simulator] debug: Data sent: {"deviceId":"dev-d895d226","type":"temperature","value":24.814615200726106,"timestamp":"2025-04-06T17:09:20.098Z","batteryLevel":9.193143452555043,"isAnomaly":false,"anomalyDetails":null}
2025-04-06 20:09:20:920 [simulator] debug: Data sent: {"deviceId":"dev-b9dbfa87","type":"humidity","value":47.17304207167012,"timestamp":"2025-04-06T17:09:20.098Z","batteryLevel":7.170161977339066,"isAnomaly":false,"anomalyDetails":null}
2025-04-06 20:09:20:920 [simulator] debug: Data sent: {"deviceId":"dev-41647f4f","type":"humidity","value":8.87558681603645,"timestamp":"2025-04-06T17:09:20.098Z","batteryLevel":13.265747968142689,"isAnomaly":false,"anomalyDetails":null}
2025-04-06 20:09:20:920 [simulator] debug: Data sent: {"deviceId":"dev-0e7cb922","type":"opening","value":0,"timestamp":"2025-04-06T17:09:20.098Z","batteryLevel":70.5925071179816,"isAnomaly":false,"anomalyDetails":null}
2025-04-06 20:09:20:920 [simulator] debug: Data sent: {"deviceId":"dev-dd2fb216","type":"light","value":363.4793484015534,"timestamp":"2025-04-06T17:09:20.098Z","batteryLevel":47.317781506180346,"isAnomaly":false,"anomalyDetails":null}
2025-04-06 20:09:20:920 [simulator] debug: Data sent: {"deviceId":"dev-6c53ebbb","type":"pressure","value":1004.0071910025058,"timestamp":"2025-04-06T17:09:20.098Z","batteryLevel":61.242262878960865,"isAnomaly":false,"anomalyDetails":null}
2025-04-06 20:09:25:925 [device-generator] debug: Anomaly detected for device dev-b9dbfa87: Humidity critically low
2025-04-06 20:09:25:925 [simulator] debug: Data sent: {"deviceId":"dev-7f94ad47","type":"temperature","value":24.028099005820827,"timestamp":"2025-04-06T17:09:25.104Z","batteryLevel":8.225516662813353,"isAnomaly":false,"anomalyDetails":null}
2025-04-06 20:09:25:925 [simulator] debug: Data sent: {"deviceId":"dev-1ab818c2","type":"temperature","value":38.71040822695635,"timestamp":"2025-04-06T17:09:25.104Z","batteryLevel":25.201100206846686,"isAnomaly":false,"anomalyDetails":null}
2025-04-06 20:09:25:925 [simulator] debug: Data sent: {"deviceId":"dev-4a3bd444","type":"temperature","value":25.053982421591915,"timestamp":"2025-04-06T17:09:25.104Z","batteryLevel":61.23946455831603,"isAnomaly":false,"anomalyDetails":null}
2025-04-06 20:09:25:925 [simulator] debug: Data sent: {"deviceId":"dev-d895d226","type":"temperature","value":25.1817863375786,"timestamp":"2025-04-06T17:09:25.104Z","batteryLevel":9.166895543793933,"isAnomaly":false,"anomalyDetails":null}
2025-04-06 20:09:25:925 [simulator] debug: Data sent: {"deviceId":"dev-a970797a","type":"humidity","value":55.27164812948498,"timestamp":"2025-04-06T17:09:25.104Z","batteryLevel":18.16719513287407,"isAnomaly":false,"anomalyDetails":null}
2025-04-06 20:09:25:925 [simulator] debug: Data sent: {"deviceId":"dev-b9dbfa87","type":"humidity","value":4.625873125431827,"timestamp":"2025-04-06T17:09:25.104Z","batteryLevel":7.063808737724617,"isAnomaly":true,"anomalyDetails":"Humidity critically low"}
2025-04-06 20:09:25:925 [simulator] debug: Data sent: {"deviceId":"dev-41647f4f","type":"humidity","value":7.816582978177713,"timestamp":"2025-04-06T17:09:25.104Z","batteryLevel":13.084536435110792,"isAnomaly":false,"anomalyDetails":null}
2025-04-06 20:09:25:925 [simulator] debug: Data sent: {"deviceId":"dev-dd2fb216","type":"light","value":315.098832969385,"timestamp":"2025-04-06T17:09:25.104Z","batteryLevel":47.143889841219874,"isAnomaly":false,"anomalyDetails":null}
2025-04-06 20:09:25:925 [simulator] debug: Data sent: {"deviceId":"dev-0e7cb922","type":"opening","value":0,"timestamp":"2025-04-06T17:09:25.104Z","batteryLevel":70.47019915322707,"isAnomaly":false,"anomalyDetails":null}
2025-04-06 20:09:25:925 [simulator] debug: Data sent: {"deviceId":"dev-6c53ebbb","type":"pressure","value":1003.5746171713073,"timestamp":"2025-04-06T17:09:25.104Z","batteryLevel":61.229339368076694,"isAnomaly":false,"anomalyDetails":null}
2025-04-06 20:09:26:926 [simulator] info: Simulator is stopping...
