2025-04-08 21:16:42:1642 [device-data-service] info: Discovery mode disabled.
2025-04-08 21:16:42:1642 [device-data-service] warn: Received data from an unregistered device: unknown-dev. Data rejected.
2025-04-08 21:16:42:1642 [device-data-service] info: Discovery mode enabled. Max time of duration: 60 sec
2025-04-08 21:16:42:1642 [device-data-service] info: Discovery mode enabled. Max time of duration: 1 sec
2025-04-08 21:16:42:1642 [device-data-service] info: Discovery mode enabled. Max time of duration: 60 sec
2025-04-08 21:16:42:1642 [device-data-service] info: Discovery mode disabled.
2025-04-08 21:16:42:1642 [device-data-service] info: Discovery mode enabled. Max time of duration: 0.1 sec
2025-04-08 21:16:42:1642 [device-data-service] info: Discovery mode disabled automatically.
2025-04-08 21:21:15:2115 [device-data-service] info: Discovery mode disabled.
2025-04-08 21:21:15:2115 [device-data-service] info: Discovery mode enabled. Max time of duration: 1 sec
2025-04-08 21:21:15:2115 [device-data-service] info: Discovery mode disabled.
2025-04-08 21:21:15:2115 [device-data-service] info: Discovery mode enabled. Max time of duration: 60 sec
2025-04-08 21:21:15:2115 [device-data-service] info: Discovery mode disabled.
2025-04-08 21:21:15:2115 [device-data-service] info: Discovery mode disabled.
2025-04-08 21:21:15:2115 [device-data-service] info: Discovery mode enabled. Max time of duration: 0.1 sec
2025-04-08 21:21:15:2115 [device-data-service] info: Discovery mode disabled automatically.
2025-04-08 21:21:15:2115 [device-data-service] info: Discovery mode disabled.
2025-04-08 21:21:15:2115 [device-data-service] info: Discovery mode disabled.
2025-04-08 21:21:15:2115 [device-data-service] info: Discovery mode disabled.
2025-04-08 21:21:15:2115 [device-data-service] warn: Received data from an unregistered device: unknown-dev. Data rejected.
2025-04-08 21:21:15:2115 [device-data-service] info: Discovery mode disabled.
2025-04-08 21:21:15:2115 [device-data-service] info: Discovery mode enabled. Max time of duration: 60 sec
2025-04-08 21:22:15:2215 [device-data-service] info: Discovery mode disabled automatically.
2025-04-08 21:25:06:256 [device-data-service] info: Discovery mode disabled.
2025-04-08 21:25:06:256 [device-data-service] info: Discovery mode enabled. Max time of duration: 1 sec
2025-04-08 21:25:06:256 [device-data-service] info: Discovery mode disabled.
2025-04-08 21:25:06:256 [device-data-service] info: Discovery mode enabled. Max time of duration: 60 sec
2025-04-08 21:25:06:256 [device-data-service] info: Discovery mode disabled.
2025-04-08 21:25:06:256 [device-data-service] info: Discovery mode disabled.
2025-04-08 21:25:06:256 [device-data-service] info: Discovery mode enabled. Max time of duration: 0.1 sec
2025-04-08 21:25:06:256 [device-data-service] info: Discovery mode disabled automatically.
2025-04-08 21:25:06:256 [device-data-service] info: Discovery mode disabled.
2025-04-08 21:25:06:256 [device-data-service] info: Discovery mode disabled.
2025-04-08 21:25:06:256 [device-data-service] info: Discovery mode disabled.
2025-04-08 21:25:06:256 [device-data-service] warn: Received data from an unregistered device: unknown-dev. Data rejected.
2025-04-08 21:25:06:256 [device-data-service] info: Discovery mode disabled.
2025-04-08 21:25:06:256 [device-data-service] info: Discovery mode enabled. Max time of duration: 60 sec
2025-04-08 21:25:43:2543 [device-data-service] info: Discovery mode disabled.
2025-04-08 21:25:43:2543 [device-data-service] info: Discovery mode enabled. Max time of duration: 1 sec
2025-04-08 21:25:43:2543 [device-data-service] info: Discovery mode disabled.
2025-04-08 21:25:43:2543 [device-data-service] info: Discovery mode enabled. Max time of duration: 60 sec
2025-04-08 21:25:43:2543 [device-data-service] info: Discovery mode disabled.
2025-04-08 21:25:43:2543 [device-data-service] info: Discovery mode disabled.
2025-04-08 21:25:43:2543 [device-data-service] info: Discovery mode enabled. Max time of duration: 0.1 sec
2025-04-08 21:25:43:2543 [device-data-service] info: Discovery mode disabled automatically.
2025-04-08 21:27:09:279 [device-data-service] info: Discovery mode disabled.
2025-04-08 21:27:09:279 [device-data-service] info: Discovery mode enabled. Max time of duration: 1 sec
2025-04-08 21:27:09:279 [device-data-service] info: Discovery mode disabled.
2025-04-08 21:27:09:279 [device-data-service] info: Discovery mode enabled. Max time of duration: 60 sec
2025-04-08 21:27:09:279 [device-data-service] info: Discovery mode disabled.
2025-04-08 21:27:09:279 [device-data-service] info: Discovery mode disabled.
2025-04-08 21:27:09:279 [device-data-service] info: Discovery mode enabled. Max time of duration: 0.1 sec
2025-04-08 21:27:09:279 [device-data-service] info: Discovery mode disabled automatically.
2025-04-08 21:29:25:2925 [device-data-service] info: Discovery mode disabled.
2025-04-08 21:29:25:2925 [device-data-service] info: Discovery mode enabled. Max time of duration: 1 sec
2025-04-08 21:29:25:2925 [device-data-service] info: Discovery mode disabled.
2025-04-08 21:29:25:2925 [device-data-service] info: Discovery mode enabled. Max time of duration: 60 sec
2025-04-08 21:29:25:2925 [device-data-service] info: Discovery mode disabled.
2025-04-08 21:29:25:2925 [device-data-service] info: Discovery mode disabled.
2025-04-08 21:29:25:2925 [device-data-service] info: Discovery mode enabled. Max time of duration: 0.1 sec
2025-04-08 21:29:25:2925 [device-data-service] info: Discovery mode disabled automatically.
2025-04-08 21:31:10:3110 [device-data-service] info: Discovery mode disabled.
2025-04-08 21:31:10:3110 [device-data-service] info: Discovery mode enabled. Max time of duration: 1 sec
2025-04-08 21:31:10:3110 [device-data-service] info: Discovery mode disabled.
2025-04-08 21:31:10:3110 [device-data-service] info: Discovery mode enabled. Max time of duration: 60 sec
2025-04-08 21:31:10:3110 [device-data-service] info: Discovery mode disabled.
2025-04-08 21:31:10:3110 [device-data-service] info: Discovery mode disabled.
2025-04-08 21:31:10:3110 [device-data-service] info: Discovery mode enabled. Max time of duration: 0.1 sec
2025-04-08 21:31:11:3111 [device-data-service] info: Discovery mode disabled automatically.
2025-04-08 21:32:24:3224 [device-data-service] info: Discovery mode disabled.
2025-04-08 21:32:24:3224 [device-data-service] info: Discovery mode enabled. Max time of duration: 1 sec
2025-04-08 21:32:24:3224 [device-data-service] info: Discovery mode disabled.
2025-04-08 21:32:24:3224 [device-data-service] info: Discovery mode enabled. Max time of duration: 60 sec
2025-04-08 21:32:24:3224 [device-data-service] info: Discovery mode disabled.
2025-04-08 21:32:24:3224 [device-data-service] info: Discovery mode disabled.
2025-04-08 21:32:24:3224 [device-data-service] info: Discovery mode enabled. Max time of duration: 0.1 sec
2025-04-08 21:32:24:3224 [device-data-service] info: Discovery mode disabled automatically.
2025-04-08 21:35:37:3537 [device-data-service] info: Discovery mode disabled.
2025-04-08 21:35:37:3537 [device-data-service] info: Discovery mode enabled. Max time of duration: 1 sec
2025-04-08 21:35:37:3537 [device-data-service] info: Discovery mode disabled.
2025-04-08 21:35:37:3537 [device-data-service] info: Discovery mode enabled. Max time of duration: 60 sec
2025-04-08 21:35:37:3537 [device-data-service] info: Discovery mode disabled.
2025-04-08 21:35:37:3537 [device-data-service] info: Discovery mode disabled.
2025-04-08 21:35:37:3537 [device-data-service] info: Discovery mode enabled. Max time of duration: 0.1 sec
2025-04-08 21:35:37:3537 [device-data-service] info: Discovery mode disabled automatically.
2025-04-08 21:35:37:3537 [udp-listener] info: Running UDP-listener on 0.0.0.0:41234
2025-04-08 21:35:37:3537 [udp-listener] info: UDP-listener stopped.
2025-04-08 21:35:37:3537 [udp-listener] warn: Incorrect data from 192.168.1.100:12345: Missing deviceId
2025-04-08 21:38:48:3848 [device-data-service] info: Discovery mode disabled.
2025-04-08 21:38:48:3848 [device-data-service] info: Discovery mode enabled. Max time of duration: 1 sec
2025-04-08 21:38:48:3848 [device-data-service] info: Discovery mode disabled.
2025-04-08 21:38:48:3848 [device-data-service] info: Discovery mode enabled. Max time of duration: 60 sec
2025-04-08 21:38:48:3848 [device-data-service] info: Discovery mode disabled.
2025-04-08 21:38:48:3848 [device-data-service] info: Discovery mode disabled.
2025-04-08 21:38:48:3848 [device-data-service] info: Discovery mode enabled. Max time of duration: 0.1 sec
2025-04-08 21:38:48:3848 [device-data-service] info: Discovery mode disabled automatically.
2025-04-08 21:38:49:3849 [udp-listener] info: Running UDP-listener on 0.0.0.0:41234
2025-04-08 21:38:49:3849 [udp-listener] info: UDP-listener stopped.
2025-04-08 21:38:49:3849 [udp-listener] warn: Incorrect data from 192.168.1.100:12345: Missing deviceId
2025-04-08 21:43:36:4336 [device-data-service] info: Discovery mode disabled.
2025-04-08 21:43:36:4336 [device-data-service] info: Discovery mode enabled. Max time of duration: 1 sec
2025-04-08 21:43:36:4336 [device-data-service] info: Discovery mode disabled.
2025-04-08 21:43:36:4336 [device-data-service] info: Discovery mode enabled. Max time of duration: 60 sec
2025-04-08 21:43:36:4336 [device-data-service] info: Discovery mode disabled.
2025-04-08 21:43:36:4336 [device-data-service] info: Discovery mode disabled.
2025-04-08 21:43:36:4336 [device-data-service] info: Discovery mode enabled. Max time of duration: 0.1 sec
2025-04-08 21:43:36:4336 [device-data-service] info: Discovery mode disabled automatically.
2025-04-08 21:43:36:4336 [udp-listener] info: Running UDP-listener on 0.0.0.0:41234
2025-04-08 21:43:36:4336 [udp-listener] info: UDP-listener stopped.
2025-04-08 21:43:36:4336 [udp-listener] warn: Incorrect data from 192.168.1.100:12345: Missing deviceId
