2025-04-21 15:01:13:113 [device-generator] debug: Created device: {"deviceId":"dev-caf749ce","type":"temperature","name":"Temperature Sensor 1","location":"Kitchen","status":"active","batteryLevel":56,"lastValue":21.361307961144636,"anomalyMode":false}
2025-04-21 15:01:13:113 [device-generator] debug: Created device: {"deviceId":"dev-194c4067","type":"temperature","name":"Temperature Sensor 2","location":"Kitchen","status":"active","batteryLevel":36,"lastValue":22.82387789337221,"anomalyMode":false}
2025-04-21 15:01:13:113 [device-generator] debug: Created device: {"deviceId":"dev-791ae84e","type":"temperature","name":"Temperature Sensor 3","location":"Bathroom","status":"active","batteryLevel":58,"lastValue":21.677068697808902,"anomalyMode":false}
2025-04-21 15:01:13:113 [device-generator] debug: Created device: {"deviceId":"dev-c353c1ce","type":"temperature","name":"Temperature Sensor 4","location":"Kitchen","status":"active","batteryLevel":62,"lastValue":23.138139902713377,"anomalyMode":false}
2025-04-21 15:01:13:113 [device-generator] debug: Created device: {"deviceId":"dev-ca804754","type":"humidity","name":"Humidity Sensor 5","location":"Cabinet","status":"active","batteryLevel":22,"lastValue":53.95695321208038,"anomalyMode":false}
2025-04-21 15:01:13:113 [device-generator] debug: Created device: {"deviceId":"dev-6a482d8b","type":"humidity","name":"Humidity Sensor 6","location":"Kitchen","status":"active","batteryLevel":14,"lastValue":44.837313170864086,"anomalyMode":false}
2025-04-21 15:01:13:113 [device-generator] debug: Created device: {"deviceId":"dev-10327104","type":"humidity","name":"Humidity Sensor 7","location":"Sleep Room","status":"active","batteryLevel":73,"lastValue":55.435154226949045,"anomalyMode":false}
2025-04-21 15:01:13:113 [device-generator] debug: Created device: {"deviceId":"dev-c2b54f8c","type":"light","name":"Light Sensor 8","location":"Kitchen","status":"active","batteryLevel":33,"lastValue":336.05935164823757,"anomalyMode":false}
2025-04-21 15:01:13:113 [device-generator] debug: Created device: {"deviceId":"dev-2c37a244","type":"opening","name":"Opening Sensor 9","location":"Bathroom","status":"active","batteryLevel":63,"lastValue":0,"anomalyMode":false}
2025-04-21 15:01:13:113 [device-generator] debug: Created device: {"deviceId":"dev-6eacf444","type":"light","name":"Light Sensor 10","location":"Sleep Room","status":"active","batteryLevel":34,"lastValue":470.2569556893644,"anomalyMode":false}
2025-04-21 15:01:13:113 [device-generator] info: Initialized 10 devices
2025-04-21 15:01:13:113 [device-generator] debug: Anomaly detected for device dev-194c4067: Temperature critically high
2025-04-21 15:01:13:113 [device-generator] debug: Anomaly detected for device dev-10327104: Humidity critically low
2025-04-21 15:01:23:123 [device-generator] debug: Anomaly detected for device dev-ca804754: Humidity critically low
2025-04-21 15:13:01:131 [device-generator] debug: Created device: {"deviceId":"dev-3131cd03","type":"temperature","name":"Temperature Sensor 1","location":"Sleep Room","status":"active","batteryLevel":63,"lastValue":21.428371437859873,"anomalyMode":false}
2025-04-21 15:13:01:131 [device-generator] debug: Created device: {"deviceId":"dev-842c72c6","type":"temperature","name":"Temperature Sensor 2","location":"Kitchen","status":"active","batteryLevel":46,"lastValue":22.634045405510676,"anomalyMode":false}
2025-04-21 15:13:01:131 [device-generator] debug: Created device: {"deviceId":"dev-c83190d3","type":"temperature","name":"Temperature Sensor 3","location":"Sleep Room","status":"active","batteryLevel":82,"lastValue":20.542524284859986,"anomalyMode":false}
2025-04-21 15:13:01:131 [device-generator] debug: Created device: {"deviceId":"dev-19293672","type":"temperature","name":"Temperature Sensor 4","location":"Guest Room","status":"active","batteryLevel":6,"lastValue":20.86046244264643,"anomalyMode":false}
2025-04-21 15:13:01:131 [device-generator] debug: Created device: {"deviceId":"dev-345f7858","type":"humidity","name":"Humidity Sensor 5","location":"Guest Room","status":"active","batteryLevel":35,"lastValue":40.79951315949164,"anomalyMode":false}
2025-04-21 15:13:01:131 [device-generator] debug: Created device: {"deviceId":"dev-e326d0f1","type":"humidity","name":"Humidity Sensor 6","location":"Sleep Room","status":"active","batteryLevel":43,"lastValue":57.99574868200236,"anomalyMode":false}
2025-04-21 15:13:01:131 [device-generator] debug: Created device: {"deviceId":"dev-de470f23","type":"humidity","name":"Humidity Sensor 7","location":"Sleep Room","status":"active","batteryLevel":15,"lastValue":42.450774512543795,"anomalyMode":false}
2025-04-21 15:13:01:131 [device-generator] debug: Created device: {"deviceId":"dev-86d92830","type":"light","name":"Light Sensor 8","location":"Bathroom","status":"active","batteryLevel":83,"lastValue":222.5912627211832,"anomalyMode":false}
2025-04-21 15:13:01:131 [device-generator] debug: Created device: {"deviceId":"dev-cc32380b","type":"opening","name":"Opening Sensor 9","location":"Sleep Room","status":"active","batteryLevel":17,"lastValue":1,"anomalyMode":false}
2025-04-21 15:13:01:131 [device-generator] debug: Created device: {"deviceId":"dev-6eb0ec87","type":"vibration","name":"Vibration Sensor 10","location":"Guest Room","status":"active","batteryLevel":9,"lastValue":0.8183422820405819,"anomalyMode":false}
2025-04-21 15:13:01:131 [device-generator] info: Initialized 10 devices
2025-04-21 15:13:06:136 [device-generator] debug: Anomaly detected for device dev-de470f23: Humidity critically low
2025-04-21 15:20:30:2030 [device-generator] debug: Created device: {"deviceId":"dev-68388c0e","type":"temperature","name":"Temperature Sensor 1","location":"Guest Room","status":"active","batteryLevel":90,"lastValue":21.301423874614944,"anomalyMode":false}
2025-04-21 15:20:30:2030 [device-generator] debug: Created device: {"deviceId":"dev-beaa971a","type":"temperature","name":"Temperature Sensor 2","location":"Sleep Room","status":"active","batteryLevel":35,"lastValue":21.608268376926297,"anomalyMode":false}
2025-04-21 15:20:30:2030 [device-generator] debug: Created device: {"deviceId":"dev-d1a492c3","type":"temperature","name":"Temperature Sensor 3","location":"Kitchen","status":"active","batteryLevel":88,"lastValue":22.36362379418226,"anomalyMode":false}
2025-04-21 15:20:30:2030 [device-generator] debug: Created device: {"deviceId":"dev-9e3c7e8f","type":"temperature","name":"Temperature Sensor 4","location":"Kitchen","status":"active","batteryLevel":41,"lastValue":23.187109701276533,"anomalyMode":false}
2025-04-21 15:20:30:2030 [device-generator] debug: Created device: {"deviceId":"dev-9c89e035","type":"humidity","name":"Humidity Sensor 5","location":"Sleep Room","status":"active","batteryLevel":73,"lastValue":50.820816410687115,"anomalyMode":false}
2025-04-21 15:20:30:2030 [device-generator] debug: Created device: {"deviceId":"dev-e642dbd5","type":"humidity","name":"Humidity Sensor 6","location":"Kitchen","status":"active","batteryLevel":33,"lastValue":41.15022499814192,"anomalyMode":false}
2025-04-21 15:20:30:2030 [device-generator] debug: Created device: {"deviceId":"dev-3a00d19c","type":"humidity","name":"Humidity Sensor 7","location":"Guest Room","status":"active","batteryLevel":41,"lastValue":58.25924109342921,"anomalyMode":false}
2025-04-21 15:20:30:2030 [device-generator] debug: Created device: {"deviceId":"dev-67d33ce6","type":"light","name":"Light Sensor 8","location":"Guest Room","status":"active","batteryLevel":18,"lastValue":451.3904956513463,"anomalyMode":false}
2025-04-21 15:20:30:2030 [device-generator] debug: Created device: {"deviceId":"dev-19c1623b","type":"opening","name":"Opening Sensor 9","location":"Sleep Room","status":"active","batteryLevel":74,"lastValue":0,"anomalyMode":false}
2025-04-21 15:20:30:2030 [device-generator] debug: Created device: {"deviceId":"dev-c02fbded","type":"sound","name":"Sound Sensor 10","location":"Kitchen","status":"active","batteryLevel":79,"lastValue":37.55249429050994,"anomalyMode":false}
2025-04-21 15:20:30:2030 [device-generator] info: Initialized 10 devices
2025-04-23 16:23:19:2319 [device-generator] debug: Created device: {"deviceId":"dev-9ba5f0af","type":"temperature","name":"Temperature Sensor 1","location":"Kitchen","status":"active","batteryLevel":68,"lastValue":22.72356937001365,"anomalyMode":false}
2025-04-23 16:23:19:2319 [device-generator] debug: Created device: {"deviceId":"dev-5062c664","type":"temperature","name":"Temperature Sensor 2","location":"Cabinet","status":"active","batteryLevel":99,"lastValue":23.57932903278931,"anomalyMode":false}
2025-04-23 16:23:19:2319 [device-generator] debug: Created device: {"deviceId":"dev-5ddcfce3","type":"temperature","name":"Temperature Sensor 3","location":"Bathroom","status":"active","batteryLevel":8,"lastValue":20.998596868912426,"anomalyMode":false}
2025-04-23 16:23:19:2319 [device-generator] debug: Created device: {"deviceId":"dev-8dc09b57","type":"temperature","name":"Temperature Sensor 4","location":"Sleep Room","status":"active","batteryLevel":4,"lastValue":20.55224149573465,"anomalyMode":false}
2025-04-23 16:23:19:2319 [device-generator] debug: Created device: {"deviceId":"dev-10432e1a","type":"humidity","name":"Humidity Sensor 5","location":"Guest Room","status":"active","batteryLevel":71,"lastValue":48.68310837876643,"anomalyMode":false}
2025-04-23 16:23:19:2319 [device-generator] debug: Created device: {"deviceId":"dev-82112a86","type":"humidity","name":"Humidity Sensor 6","location":"Sleep Room","status":"active","batteryLevel":12,"lastValue":50.690300172155204,"anomalyMode":false}
2025-04-23 16:23:19:2319 [device-generator] debug: Created device: {"deviceId":"dev-f0100189","type":"humidity","name":"Humidity Sensor 7","location":"Kitchen","status":"active","batteryLevel":40,"lastValue":53.87234630503551,"anomalyMode":false}
2025-04-23 16:23:19:2319 [device-generator] debug: Created device: {"deviceId":"dev-ad86c44c","type":"light","name":"Light Sensor 8","location":"Guest Room","status":"active","batteryLevel":75,"lastValue":366.1583222743276,"anomalyMode":false}
2025-04-23 16:23:19:2319 [device-generator] debug: Created device: {"deviceId":"dev-dbec8f18","type":"opening","name":"Opening Sensor 9","location":"Kitchen","status":"active","batteryLevel":93,"lastValue":1,"anomalyMode":false}
2025-04-23 16:23:19:2319 [device-generator] debug: Created device: {"deviceId":"dev-55a3d158","type":"opening","name":"Opening Sensor 10","location":"Bathroom","status":"active","batteryLevel":38,"lastValue":0,"anomalyMode":false}
2025-04-23 16:23:19:2319 [device-generator] info: Initialized 10 devices
2025-04-23 16:23:19:2319 [device-generator] debug: Anomaly detected for device dev-dbec8f18: Frequent change of state
2025-04-23 16:25:00:250 [device-generator] debug: Created device: {"deviceId":"dev-ca60b7dd","type":"temperature","name":"Temperature Sensor 1","location":"Kitchen","status":"active","batteryLevel":5,"lastValue":23.150110637305897,"anomalyMode":false}
2025-04-23 16:25:00:250 [device-generator] debug: Created device: {"deviceId":"dev-526a771d","type":"temperature","name":"Temperature Sensor 2","location":"Cabinet","status":"active","batteryLevel":43,"lastValue":23.430043599320644,"anomalyMode":false}
2025-04-23 16:25:00:250 [device-generator] debug: Created device: {"deviceId":"dev-384e0003","type":"temperature","name":"Temperature Sensor 3","location":"Bathroom","status":"active","batteryLevel":88,"lastValue":21.50754582525625,"anomalyMode":false}
2025-04-23 16:25:00:250 [device-generator] debug: Created device: {"deviceId":"dev-b867775d","type":"temperature","name":"Temperature Sensor 4","location":"Cabinet","status":"active","batteryLevel":57,"lastValue":21.112121640093516,"anomalyMode":false}
2025-04-23 16:25:00:250 [device-generator] debug: Created device: {"deviceId":"dev-dd510f71","type":"humidity","name":"Humidity Sensor 5","location":"Sleep Room","status":"active","batteryLevel":98,"lastValue":40.34065832730939,"anomalyMode":false}
2025-04-23 16:25:00:250 [device-generator] debug: Created device: {"deviceId":"dev-e217f965","type":"humidity","name":"Humidity Sensor 6","location":"Kitchen","status":"active","batteryLevel":26,"lastValue":50.42997799921183,"anomalyMode":false}
2025-04-23 16:25:00:250 [device-generator] debug: Created device: {"deviceId":"dev-32a291b8","type":"humidity","name":"Humidity Sensor 7","location":"Cabinet","status":"active","batteryLevel":17,"lastValue":54.52355008633461,"anomalyMode":false}
2025-04-23 16:25:00:250 [device-generator] debug: Created device: {"deviceId":"dev-1e797215","type":"light","name":"Light Sensor 8","location":"Kitchen","status":"active","batteryLevel":60,"lastValue":423.5347358848026,"anomalyMode":false}
2025-04-23 16:25:00:250 [device-generator] debug: Created device: {"deviceId":"dev-6b18ecc4","type":"opening","name":"Opening Sensor 9","location":"Sleep Room","status":"active","batteryLevel":55,"lastValue":1,"anomalyMode":false}
2025-04-23 16:25:00:250 [device-generator] debug: Created device: {"deviceId":"dev-6b7a5eb9","type":"air_quality","name":"Air_quality Sensor 10","location":"Sleep Room","status":"active","batteryLevel":48,"lastValue":70.66129265544589,"anomalyMode":false}
2025-04-23 16:25:00:250 [device-generator] info: Initialized 10 devices
2025-04-23 16:28:12:2812 [device-generator] debug: Created device: {"deviceId":"dev-296e0a8a","type":"temperature","name":"Temperature Sensor 1","location":"Sleep Room","status":"active","batteryLevel":79,"lastValue":23.525155175264977,"anomalyMode":false}
2025-04-23 16:28:12:2812 [device-generator] debug: Created device: {"deviceId":"dev-f4a7428f","type":"temperature","name":"Temperature Sensor 2","location":"Sleep Room","status":"active","batteryLevel":47,"lastValue":20.535587640797928,"anomalyMode":false}
2025-04-23 16:28:12:2812 [device-generator] debug: Created device: {"deviceId":"dev-f746f891","type":"temperature","name":"Temperature Sensor 3","location":"Bathroom","status":"active","batteryLevel":28,"lastValue":23.17677090624521,"anomalyMode":false}
2025-04-23 16:28:12:2812 [device-generator] debug: Created device: {"deviceId":"dev-9ec2a42d","type":"temperature","name":"Temperature Sensor 4","location":"Kitchen","status":"active","batteryLevel":6,"lastValue":23.896654162935867,"anomalyMode":false}
2025-04-23 16:28:12:2812 [device-generator] debug: Created device: {"deviceId":"dev-412e4024","type":"humidity","name":"Humidity Sensor 5","location":"Kitchen","status":"active","batteryLevel":20,"lastValue":45.82803563498416,"anomalyMode":false}
2025-04-23 16:28:12:2812 [device-generator] debug: Created device: {"deviceId":"dev-a37baff5","type":"humidity","name":"Humidity Sensor 6","location":"Guest Room","status":"active","batteryLevel":27,"lastValue":40.68464066815399,"anomalyMode":false}
2025-04-23 16:28:12:2812 [device-generator] debug: Created device: {"deviceId":"dev-52601490","type":"humidity","name":"Humidity Sensor 7","location":"Bathroom","status":"active","batteryLevel":7,"lastValue":47.73883273161046,"anomalyMode":false}
2025-04-23 16:28:12:2812 [device-generator] debug: Created device: {"deviceId":"dev-737932ee","type":"light","name":"Light Sensor 8","location":"Guest Room","status":"active","batteryLevel":89,"lastValue":282.96293961418485,"anomalyMode":false}
2025-04-23 16:28:12:2812 [device-generator] debug: Created device: {"deviceId":"dev-76f3cfdb","type":"opening","name":"Opening Sensor 9","location":"Cabinet","status":"active","batteryLevel":91,"lastValue":0,"anomalyMode":false}
2025-04-23 16:28:12:2812 [device-generator] debug: Created device: {"deviceId":"dev-302b5265","type":"opening","name":"Opening Sensor 10","location":"Cabinet","status":"active","batteryLevel":48,"lastValue":0,"anomalyMode":false}
2025-04-23 16:28:12:2812 [device-generator] info: Initialized 10 devices
2025-04-23 16:28:12:2812 [device-generator] debug: Anomaly detected for device dev-296e0a8a: Temperature critically low
2025-04-23 16:40:33:4033 [device-generator] debug: Created device: {"deviceId":"dev-8d953137","type":"temperature","name":"Temperature Sensor 1","location":"Kitchen","status":"active","batteryLevel":50,"lastValue":20.92460851664704,"anomalyMode":false}
2025-04-23 16:40:33:4033 [device-generator] debug: Created device: {"deviceId":"dev-6bd38142","type":"temperature","name":"Temperature Sensor 2","location":"Guest Room","status":"active","batteryLevel":24,"lastValue":24.915676474454546,"anomalyMode":false}
2025-04-23 16:40:33:4033 [device-generator] debug: Created device: {"deviceId":"dev-72942843","type":"temperature","name":"Temperature Sensor 3","location":"Bathroom","status":"active","batteryLevel":63,"lastValue":20.534783657635934,"anomalyMode":false}
2025-04-23 16:40:33:4033 [device-generator] debug: Created device: {"deviceId":"dev-56e8ac51","type":"temperature","name":"Temperature Sensor 4","location":"Guest Room","status":"active","batteryLevel":51,"lastValue":21.50824604713674,"anomalyMode":false}
2025-04-23 16:40:33:4033 [device-generator] debug: Created device: {"deviceId":"dev-ce856efc","type":"humidity","name":"Humidity Sensor 5","location":"Bathroom","status":"active","batteryLevel":58,"lastValue":40.252991023999975,"anomalyMode":false}
2025-04-23 16:40:33:4033 [device-generator] debug: Created device: {"deviceId":"dev-89daee0e","type":"humidity","name":"Humidity Sensor 6","location":"Cabinet","status":"active","batteryLevel":69,"lastValue":50.336331788834144,"anomalyMode":false}
2025-04-23 16:40:33:4033 [device-generator] debug: Created device: {"deviceId":"dev-838b2183","type":"humidity","name":"Humidity Sensor 7","location":"Kitchen","status":"active","batteryLevel":12,"lastValue":57.952127398844006,"anomalyMode":false}
2025-04-23 16:40:33:4033 [device-generator] debug: Created device: {"deviceId":"dev-31b1a524","type":"light","name":"Light Sensor 8","location":"Guest Room","status":"active","batteryLevel":93,"lastValue":219.2322155077678,"anomalyMode":false}
2025-04-23 16:40:33:4033 [device-generator] debug: Created device: {"deviceId":"dev-a848a954","type":"opening","name":"Opening Sensor 9","location":"Sleep Room","status":"active","batteryLevel":95,"lastValue":1,"anomalyMode":false}
2025-04-23 16:40:33:4033 [device-generator] debug: Created device: {"deviceId":"dev-f25edd58","type":"pressure","name":"Pressure Sensor 10","location":"Bathroom","status":"active","batteryLevel":20,"lastValue":1018.2753023615253,"anomalyMode":false}
2025-04-23 16:40:33:4033 [device-generator] info: Initialized 10 devices
2025-04-23 16:40:33:4033 [device-generator] debug: Anomaly detected for device dev-838b2183: Humidity critically high
2025-04-23 16:44:13:4413 [device-generator] debug: Created device: {"deviceId":"dev-4719416c","type":"temperature","name":"Temperature Sensor 1","location":"Sleep Room","status":"active","batteryLevel":65,"lastValue":24.071784003460237,"anomalyMode":false}
2025-04-23 16:44:13:4413 [device-generator] debug: Created device: {"deviceId":"dev-90626446","type":"temperature","name":"Temperature Sensor 2","location":"Kitchen","status":"active","batteryLevel":64,"lastValue":20.278041682708214,"anomalyMode":false}
2025-04-23 16:44:13:4413 [device-generator] debug: Created device: {"deviceId":"dev-d4c30fb1","type":"temperature","name":"Temperature Sensor 3","location":"Cabinet","status":"active","batteryLevel":71,"lastValue":20.569966621628453,"anomalyMode":false}
2025-04-23 16:44:13:4413 [device-generator] debug: Created device: {"deviceId":"dev-7e3c8548","type":"temperature","name":"Temperature Sensor 4","location":"Kitchen","status":"active","batteryLevel":58,"lastValue":22.023829174286846,"anomalyMode":false}
2025-04-23 16:44:13:4413 [device-generator] debug: Created device: {"deviceId":"dev-e528afc5","type":"humidity","name":"Humidity Sensor 5","location":"Sleep Room","status":"active","batteryLevel":92,"lastValue":54.806053253697506,"anomalyMode":false}
2025-04-23 16:44:13:4413 [device-generator] debug: Created device: {"deviceId":"dev-57ca4b5d","type":"humidity","name":"Humidity Sensor 6","location":"Cabinet","status":"active","batteryLevel":90,"lastValue":57.88197252632505,"anomalyMode":false}
2025-04-23 16:44:13:4413 [device-generator] debug: Created device: {"deviceId":"dev-5fb087b6","type":"humidity","name":"Humidity Sensor 7","location":"Guest Room","status":"active","batteryLevel":51,"lastValue":45.988088867675934,"anomalyMode":false}
2025-04-23 16:44:13:4413 [device-generator] debug: Created device: {"deviceId":"dev-77283b85","type":"light","name":"Light Sensor 8","location":"Guest Room","status":"active","batteryLevel":69,"lastValue":279.5746566193596,"anomalyMode":false}
2025-04-23 16:44:13:4413 [device-generator] debug: Created device: {"deviceId":"dev-745d3ea7","type":"opening","name":"Opening Sensor 9","location":"Guest Room","status":"active","batteryLevel":3,"lastValue":0,"anomalyMode":false}
2025-04-23 16:44:13:4413 [device-generator] debug: Created device: {"deviceId":"dev-f4e2f2c5","type":"opening","name":"Opening Sensor 10","location":"Kitchen","status":"active","batteryLevel":44,"lastValue":0,"anomalyMode":false}
2025-04-23 16:44:13:4413 [device-generator] info: Initialized 10 devices
2025-04-23 16:44:13:4413 [device-generator] debug: Anomaly detected for device dev-f4e2f2c5: Frequent change of state
2025-04-23 16:44:18:4418 [device-generator] debug: Anomaly detected for device dev-745d3ea7: Frequent change of state
2025-04-24 22:14:04:144 [device-generator] debug: Created device: {"deviceId":"dev-34a8963e","type":"temperature","name":"Temperature Sensor 1","location":"Sleep Room","status":"active","batteryLevel":71,"lastValue":21.32798701907782,"anomalyMode":false}
2025-04-24 22:14:04:144 [device-generator] debug: Created device: {"deviceId":"dev-bf32a170","type":"temperature","name":"Temperature Sensor 2","location":"Guest Room","status":"active","batteryLevel":38,"lastValue":22.411824156640535,"anomalyMode":false}
2025-04-24 22:14:04:144 [device-generator] debug: Created device: {"deviceId":"dev-0436c824","type":"temperature","name":"Temperature Sensor 3","location":"Sleep Room","status":"active","batteryLevel":79,"lastValue":24.161044125446445,"anomalyMode":false}
2025-04-24 22:14:04:144 [device-generator] debug: Created device: {"deviceId":"dev-c8706b0c","type":"temperature","name":"Temperature Sensor 4","location":"Bathroom","status":"active","batteryLevel":5,"lastValue":23.610020572556316,"anomalyMode":false}
2025-04-24 22:14:04:144 [device-generator] debug: Created device: {"deviceId":"dev-9766ae9a","type":"humidity","name":"Humidity Sensor 5","location":"Sleep Room","status":"active","batteryLevel":62,"lastValue":40.914635340516824,"anomalyMode":false}
2025-04-24 22:14:04:144 [device-generator] debug: Created device: {"deviceId":"dev-c982c60a","type":"humidity","name":"Humidity Sensor 6","location":"Kitchen","status":"active","batteryLevel":27,"lastValue":54.8985883882828,"anomalyMode":false}
2025-04-24 22:14:04:144 [device-generator] debug: Created device: {"deviceId":"dev-1dc68bd2","type":"humidity","name":"Humidity Sensor 7","location":"Bathroom","status":"active","batteryLevel":44,"lastValue":59.441407252035724,"anomalyMode":false}
2025-04-24 22:14:04:144 [device-generator] debug: Created device: {"deviceId":"dev-7203df77","type":"light","name":"Light Sensor 8","location":"Bathroom","status":"active","batteryLevel":75,"lastValue":348.22244690174057,"anomalyMode":false}
2025-04-24 22:14:04:144 [device-generator] debug: Created device: {"deviceId":"dev-b230f880","type":"opening","name":"Opening Sensor 9","location":"Sleep Room","status":"active","batteryLevel":43,"lastValue":0,"anomalyMode":false}
2025-04-24 22:14:04:144 [device-generator] debug: Created device: {"deviceId":"dev-ca5821da","type":"air_quality","name":"Air_quality Sensor 10","location":"Cabinet","status":"active","batteryLevel":61,"lastValue":107.2333187242502,"anomalyMode":false}
2025-04-24 22:14:04:144 [device-generator] info: Initialized 10 devices
2025-04-24 22:16:23:1623 [device-generator] debug: Created device: {"deviceId":"dev-6b14a947","type":"temperature","name":"Temperature Sensor 1","location":"Guest Room","status":"active","batteryLevel":1,"lastValue":20.099290248469483,"anomalyMode":false}
2025-04-24 22:16:23:1623 [device-generator] debug: Created device: {"deviceId":"dev-fa768376","type":"temperature","name":"Temperature Sensor 2","location":"Kitchen","status":"active","batteryLevel":45,"lastValue":24.586819121587716,"anomalyMode":false}
2025-04-24 22:16:23:1623 [device-generator] debug: Created device: {"deviceId":"dev-482bf89e","type":"temperature","name":"Temperature Sensor 3","location":"Guest Room","status":"active","batteryLevel":8,"lastValue":21.826713972312906,"anomalyMode":false}
2025-04-24 22:16:23:1623 [device-generator] debug: Created device: {"deviceId":"dev-49a467d9","type":"temperature","name":"Temperature Sensor 4","location":"Bathroom","status":"active","batteryLevel":72,"lastValue":22.95078493015763,"anomalyMode":false}
2025-04-24 22:16:23:1623 [device-generator] debug: Created device: {"deviceId":"dev-2d425a7a","type":"humidity","name":"Humidity Sensor 5","location":"Bathroom","status":"active","batteryLevel":3,"lastValue":54.09730465356397,"anomalyMode":false}
2025-04-24 22:16:23:1623 [device-generator] debug: Created device: {"deviceId":"dev-c9e1ace9","type":"humidity","name":"Humidity Sensor 6","location":"Cabinet","status":"active","batteryLevel":27,"lastValue":49.306349309506274,"anomalyMode":false}
2025-04-24 22:16:23:1623 [device-generator] debug: Created device: {"deviceId":"dev-9be3b4be","type":"humidity","name":"Humidity Sensor 7","location":"Sleep Room","status":"active","batteryLevel":54,"lastValue":47.434340234933146,"anomalyMode":false}
2025-04-24 22:16:23:1623 [device-generator] debug: Created device: {"deviceId":"dev-fc17f219","type":"light","name":"Light Sensor 8","location":"Kitchen","status":"active","batteryLevel":26,"lastValue":430.54268296734966,"anomalyMode":false}
2025-04-24 22:16:23:1623 [device-generator] debug: Created device: {"deviceId":"dev-e3c878e9","type":"opening","name":"Opening Sensor 9","location":"Bathroom","status":"active","batteryLevel":95,"lastValue":0,"anomalyMode":false}
2025-04-24 22:16:23:1623 [device-generator] debug: Created device: {"deviceId":"dev-0e06ee8d","type":"temperature","name":"Temperature Sensor 10","location":"Cabinet","status":"active","batteryLevel":59,"lastValue":21.206062648684288,"anomalyMode":false}
2025-04-24 22:16:23:1623 [device-generator] info: Initialized 10 devices
2025-04-24 22:16:23:1623 [device-generator] debug: Anomaly detected for device dev-6b14a947: Temperature critically high
2025-04-24 22:16:23:1623 [device-generator] debug: Anomaly detected for device dev-482bf89e: Temperature critically high
2025-04-24 22:16:39:1639 [device-generator] debug: Created device: {"deviceId":"dev-f8c4edb7","type":"temperature","name":"Temperature Sensor 1","location":"Guest Room","status":"active","batteryLevel":14,"lastValue":24.992122980554154,"anomalyMode":false}
2025-04-24 22:16:39:1639 [device-generator] debug: Created device: {"deviceId":"dev-fb00354b","type":"temperature","name":"Temperature Sensor 2","location":"Bathroom","status":"active","batteryLevel":50,"lastValue":24.826564711671686,"anomalyMode":false}
2025-04-24 22:16:39:1639 [device-generator] debug: Created device: {"deviceId":"dev-ec3599e2","type":"temperature","name":"Temperature Sensor 3","location":"Bathroom","status":"active","batteryLevel":12,"lastValue":23.10796443983462,"anomalyMode":false}
2025-04-24 22:16:39:1639 [device-generator] debug: Created device: {"deviceId":"dev-38552c62","type":"temperature","name":"Temperature Sensor 4","location":"Kitchen","status":"active","batteryLevel":43,"lastValue":22.267872241255503,"anomalyMode":false}
2025-04-24 22:16:39:1639 [device-generator] debug: Created device: {"deviceId":"dev-6cb28d18","type":"humidity","name":"Humidity Sensor 5","location":"Guest Room","status":"active","batteryLevel":95,"lastValue":42.83121082658696,"anomalyMode":false}
2025-04-24 22:16:39:1639 [device-generator] debug: Created device: {"deviceId":"dev-bf81145c","type":"humidity","name":"Humidity Sensor 6","location":"Sleep Room","status":"active","batteryLevel":83,"lastValue":41.85045401856134,"anomalyMode":false}
2025-04-24 22:16:39:1639 [device-generator] debug: Created device: {"deviceId":"dev-a658c406","type":"humidity","name":"Humidity Sensor 7","location":"Cabinet","status":"active","batteryLevel":70,"lastValue":52.676124381679244,"anomalyMode":false}
2025-04-24 22:16:39:1639 [device-generator] debug: Created device: {"deviceId":"dev-22d55c14","type":"light","name":"Light Sensor 8","location":"Sleep Room","status":"active","batteryLevel":94,"lastValue":299.8673615284864,"anomalyMode":false}
2025-04-24 22:16:39:1639 [device-generator] debug: Created device: {"deviceId":"dev-f2d130ab","type":"opening","name":"Opening Sensor 9","location":"Sleep Room","status":"active","batteryLevel":62,"lastValue":0,"anomalyMode":false}
2025-04-24 22:16:39:1639 [device-generator] debug: Created device: {"deviceId":"dev-7f8b68ab","type":"air_quality","name":"Air_quality Sensor 10","location":"Kitchen","status":"active","batteryLevel":19,"lastValue":105.37769411170802,"anomalyMode":false}
2025-04-24 22:16:39:1639 [device-generator] info: Initialized 10 devices
2025-04-24 22:16:44:1644 [device-generator] debug: Anomaly detected for device dev-a658c406: Humidity critically high
2025-04-24 22:23:08:238 [device-generator] debug: Created device: {"deviceId":"dev-26e52178","type":"temperature","name":"Temperature Sensor 1","location":"Guest Room","status":"active","batteryLevel":32,"lastValue":21.1442566911054,"anomalyMode":false}
2025-04-24 22:23:08:238 [device-generator] debug: Created device: {"deviceId":"dev-e9b7eadc","type":"temperature","name":"Temperature Sensor 2","location":"Kitchen","status":"active","batteryLevel":21,"lastValue":23.16036675634209,"anomalyMode":false}
2025-04-24 22:23:08:238 [device-generator] debug: Created device: {"deviceId":"dev-d9a13abf","type":"temperature","name":"Temperature Sensor 3","location":"Guest Room","status":"active","batteryLevel":50,"lastValue":21.324266527249627,"anomalyMode":false}
2025-04-24 22:23:08:238 [device-generator] debug: Created device: {"deviceId":"dev-e40be36c","type":"temperature","name":"Temperature Sensor 4","location":"Kitchen","status":"active","batteryLevel":41,"lastValue":22.525296748472527,"anomalyMode":false}
2025-04-24 22:23:08:238 [device-generator] debug: Created device: {"deviceId":"dev-43e02394","type":"humidity","name":"Humidity Sensor 5","location":"Bathroom","status":"active","batteryLevel":46,"lastValue":56.610179043913334,"anomalyMode":false}
2025-04-24 22:23:08:238 [device-generator] debug: Created device: {"deviceId":"dev-2291c3ab","type":"humidity","name":"Humidity Sensor 6","location":"Guest Room","status":"active","batteryLevel":65,"lastValue":47.61841418517967,"anomalyMode":false}
2025-04-24 22:23:08:238 [device-generator] debug: Created device: {"deviceId":"dev-c57cfbc4","type":"humidity","name":"Humidity Sensor 7","location":"Guest Room","status":"active","batteryLevel":77,"lastValue":43.166178830904904,"anomalyMode":false}
2025-04-24 22:23:08:238 [device-generator] debug: Created device: {"deviceId":"dev-9e70f7d4","type":"light","name":"Light Sensor 8","location":"Kitchen","status":"active","batteryLevel":57,"lastValue":287.21477896263076,"anomalyMode":false}
2025-04-24 22:23:08:238 [device-generator] debug: Created device: {"deviceId":"dev-961d63e6","type":"opening","name":"Opening Sensor 9","location":"Guest Room","status":"active","batteryLevel":15,"lastValue":1,"anomalyMode":false}
2025-04-24 22:23:08:238 [device-generator] debug: Created device: {"deviceId":"dev-2e6197cb","type":"pressure","name":"Pressure Sensor 10","location":"Sleep Room","status":"active","batteryLevel":19,"lastValue":1005.5192348553447,"anomalyMode":false}
2025-04-24 22:23:08:238 [device-generator] info: Initialized 10 devices
2025-04-24 22:32:32:3232 [device-generator] debug: Created device: {"deviceId":"dev-bf2e5fef","type":"temperature","name":"Temperature Sensor 1","location":"Sleep Room","status":"active","batteryLevel":56,"lastValue":23.88756205195183,"anomalyMode":false}
2025-04-24 22:32:32:3232 [device-generator] debug: Created device: {"deviceId":"dev-7d1967da","type":"temperature","name":"Temperature Sensor 2","location":"Guest Room","status":"active","batteryLevel":84,"lastValue":24.19164142981613,"anomalyMode":false}
2025-04-24 22:32:32:3232 [device-generator] debug: Created device: {"deviceId":"dev-51627d63","type":"temperature","name":"Temperature Sensor 3","location":"Sleep Room","status":"active","batteryLevel":11,"lastValue":21.033241357964457,"anomalyMode":false}
2025-04-24 22:32:32:3232 [device-generator] debug: Created device: {"deviceId":"dev-bf98c5b5","type":"temperature","name":"Temperature Sensor 4","location":"Bathroom","status":"active","batteryLevel":2,"lastValue":21.615736231134683,"anomalyMode":false}
2025-04-24 22:32:32:3232 [device-generator] debug: Created device: {"deviceId":"dev-6413bd85","type":"humidity","name":"Humidity Sensor 5","location":"Cabinet","status":"active","batteryLevel":41,"lastValue":57.56803843065413,"anomalyMode":false}
2025-04-24 22:32:32:3232 [device-generator] debug: Created device: {"deviceId":"dev-1a18acb5","type":"humidity","name":"Humidity Sensor 6","location":"Cabinet","status":"active","batteryLevel":78,"lastValue":45.36805690653368,"anomalyMode":false}
2025-04-24 22:32:32:3232 [device-generator] debug: Created device: {"deviceId":"dev-b75577aa","type":"humidity","name":"Humidity Sensor 7","location":"Sleep Room","status":"active","batteryLevel":18,"lastValue":52.82722010815178,"anomalyMode":false}
2025-04-24 22:32:32:3232 [device-generator] debug: Created device: {"deviceId":"dev-96aff46c","type":"light","name":"Light Sensor 8","location":"Sleep Room","status":"active","batteryLevel":71,"lastValue":488.6792615572045,"anomalyMode":false}
2025-04-24 22:32:32:3232 [device-generator] debug: Created device: {"deviceId":"dev-b5f99e54","type":"opening","name":"Opening Sensor 9","location":"Cabinet","status":"active","batteryLevel":6,"lastValue":1,"anomalyMode":false}
2025-04-24 22:32:32:3232 [device-generator] debug: Created device: {"deviceId":"dev-84c640db","type":"pressure","name":"Pressure Sensor 10","location":"Bathroom","status":"active","batteryLevel":95,"lastValue":1010.0615137227646,"anomalyMode":false}
2025-04-24 22:32:32:3232 [device-generator] info: Initialized 10 devices
2025-04-24 22:32:37:3237 [device-generator] debug: Anomaly detected for device dev-7d1967da: Temperature critically low
2025-04-24 22:32:37:3237 [device-generator] debug: Anomaly detected for device dev-bf98c5b5: Temperature critically high
2025-04-24 22:32:37:3237 [device-generator] debug: Anomaly detected for device dev-b75577aa: Humidity critically low
2025-04-24 22:41:21:4121 [device-generator] debug: Created device: {"deviceId":"dev-91a671a4","type":"temperature","name":"Temperature Sensor 1","location":"Bathroom","status":"active","batteryLevel":7,"lastValue":23.73492682658284,"anomalyMode":false}
2025-04-24 22:41:21:4121 [device-generator] debug: Created device: {"deviceId":"dev-e5dcab34","type":"temperature","name":"Temperature Sensor 2","location":"Cabinet","status":"active","batteryLevel":86,"lastValue":20.93887925169553,"anomalyMode":false}
2025-04-24 22:41:21:4121 [device-generator] debug: Created device: {"deviceId":"dev-0bc00fb1","type":"temperature","name":"Temperature Sensor 3","location":"Bathroom","status":"active","batteryLevel":61,"lastValue":22.162870902382892,"anomalyMode":false}
2025-04-24 22:41:21:4121 [device-generator] debug: Created device: {"deviceId":"dev-3fae240e","type":"temperature","name":"Temperature Sensor 4","location":"Bathroom","status":"active","batteryLevel":92,"lastValue":23.56417332187144,"anomalyMode":false}
2025-04-24 22:41:21:4121 [device-generator] debug: Created device: {"deviceId":"dev-280b724f","type":"humidity","name":"Humidity Sensor 5","location":"Bathroom","status":"active","batteryLevel":5,"lastValue":47.01699494149886,"anomalyMode":false}
2025-04-24 22:41:21:4121 [device-generator] debug: Created device: {"deviceId":"dev-c0350ff1","type":"humidity","name":"Humidity Sensor 6","location":"Sleep Room","status":"active","batteryLevel":97,"lastValue":50.07137313594363,"anomalyMode":false}
2025-04-24 22:41:21:4121 [device-generator] debug: Created device: {"deviceId":"dev-8bc389c6","type":"humidity","name":"Humidity Sensor 7","location":"Sleep Room","status":"active","batteryLevel":69,"lastValue":47.54625003648901,"anomalyMode":false}
2025-04-24 22:41:21:4121 [device-generator] debug: Created device: {"deviceId":"dev-b7ef9230","type":"light","name":"Light Sensor 8","location":"Sleep Room","status":"active","batteryLevel":96,"lastValue":395.7020437107608,"anomalyMode":false}
2025-04-24 22:41:21:4121 [device-generator] debug: Created device: {"deviceId":"dev-46a3fae6","type":"opening","name":"Opening Sensor 9","location":"Kitchen","status":"active","batteryLevel":92,"lastValue":0,"anomalyMode":false}
2025-04-24 22:41:21:4121 [device-generator] debug: Created device: {"deviceId":"dev-d19e827a","type":"vibration","name":"Vibration Sensor 10","location":"Sleep Room","status":"active","batteryLevel":46,"lastValue":0.548866100023166,"anomalyMode":false}
2025-04-24 22:41:21:4121 [device-generator] info: Initialized 10 devices
2025-04-24 22:46:31:4631 [device-generator] debug: Created device: {"deviceId":"dev-c09761a6","type":"temperature","name":"Temperature Sensor 1","location":"Bathroom","status":"active","batteryLevel":13,"lastValue":23.504705634644687,"anomalyMode":false}
2025-04-24 22:46:31:4631 [device-generator] debug: Created device: {"deviceId":"dev-e7c293a0","type":"temperature","name":"Temperature Sensor 2","location":"Cabinet","status":"active","batteryLevel":27,"lastValue":20.628029499887706,"anomalyMode":false}
2025-04-24 22:46:31:4631 [device-generator] debug: Created device: {"deviceId":"dev-674a5114","type":"temperature","name":"Temperature Sensor 3","location":"Kitchen","status":"active","batteryLevel":72,"lastValue":20.16265433205026,"anomalyMode":false}
2025-04-24 22:46:31:4631 [device-generator] debug: Created device: {"deviceId":"dev-3d5dbd9d","type":"temperature","name":"Temperature Sensor 4","location":"Cabinet","status":"active","batteryLevel":64,"lastValue":24.033634482774435,"anomalyMode":false}
2025-04-24 22:46:31:4631 [device-generator] debug: Created device: {"deviceId":"dev-b2d12f0a","type":"humidity","name":"Humidity Sensor 5","location":"Bathroom","status":"active","batteryLevel":67,"lastValue":48.181494449613666,"anomalyMode":false}
2025-04-24 22:46:31:4631 [device-generator] debug: Created device: {"deviceId":"dev-8081805d","type":"humidity","name":"Humidity Sensor 6","location":"Cabinet","status":"active","batteryLevel":96,"lastValue":44.16694460906356,"anomalyMode":false}
2025-04-24 22:46:31:4631 [device-generator] debug: Created device: {"deviceId":"dev-d359979d","type":"humidity","name":"Humidity Sensor 7","location":"Kitchen","status":"active","batteryLevel":62,"lastValue":51.605320552256764,"anomalyMode":false}
2025-04-24 22:46:31:4631 [device-generator] debug: Created device: {"deviceId":"dev-267e79a5","type":"light","name":"Light Sensor 8","location":"Guest Room","status":"active","batteryLevel":87,"lastValue":277.55649062206976,"anomalyMode":false}
2025-04-24 22:46:31:4631 [device-generator] debug: Created device: {"deviceId":"dev-6012a5d7","type":"opening","name":"Opening Sensor 9","location":"Kitchen","status":"active","batteryLevel":72,"lastValue":1,"anomalyMode":false}
2025-04-24 22:46:31:4631 [device-generator] debug: Created device: {"deviceId":"dev-1598c9ae","type":"humidity","name":"Humidity Sensor 10","location":"Sleep Room","status":"active","batteryLevel":82,"lastValue":45.4684639431748,"anomalyMode":false}
2025-04-24 22:46:31:4631 [device-generator] info: Initialized 10 devices
2025-04-24 22:46:36:4636 [device-generator] debug: Anomaly detected for device dev-3d5dbd9d: Temperature critically high
2025-04-24 22:46:36:4636 [device-generator] debug: Anomaly detected for device dev-267e79a5: No lighting
2025-04-24 22:53:26:5326 [device-generator] debug: Created device: {"deviceId":"dev-25adb6ff","type":"temperature","name":"Temperature Sensor 1","location":"Sleep Room","status":"active","batteryLevel":45,"lastValue":24.60771447116619,"anomalyMode":false}
2025-04-24 22:53:26:5326 [device-generator] debug: Created device: {"deviceId":"dev-df184bb7","type":"temperature","name":"Temperature Sensor 2","location":"Guest Room","status":"active","batteryLevel":38,"lastValue":23.363522045284604,"anomalyMode":false}
2025-04-24 22:53:26:5326 [device-generator] debug: Created device: {"deviceId":"dev-9de04897","type":"temperature","name":"Temperature Sensor 3","location":"Kitchen","status":"active","batteryLevel":73,"lastValue":20.457551805337573,"anomalyMode":false}
2025-04-24 22:53:26:5326 [device-generator] debug: Created device: {"deviceId":"dev-c1f1171f","type":"temperature","name":"Temperature Sensor 4","location":"Sleep Room","status":"active","batteryLevel":6,"lastValue":21.34586050655899,"anomalyMode":false}
2025-04-24 22:53:26:5326 [device-generator] debug: Created device: {"deviceId":"dev-e76865b8","type":"humidity","name":"Humidity Sensor 5","location":"Cabinet","status":"active","batteryLevel":19,"lastValue":43.022174304022926,"anomalyMode":false}
2025-04-24 22:53:26:5326 [device-generator] debug: Created device: {"deviceId":"dev-0fa587f4","type":"humidity","name":"Humidity Sensor 6","location":"Guest Room","status":"active","batteryLevel":65,"lastValue":56.67679382848434,"anomalyMode":false}
2025-04-24 22:53:26:5326 [device-generator] debug: Created device: {"deviceId":"dev-f97cfd2c","type":"humidity","name":"Humidity Sensor 7","location":"Bathroom","status":"active","batteryLevel":53,"lastValue":51.466883732843044,"anomalyMode":false}
2025-04-24 22:53:26:5326 [device-generator] debug: Created device: {"deviceId":"dev-71fec10a","type":"light","name":"Light Sensor 8","location":"Cabinet","status":"active","batteryLevel":84,"lastValue":369.5932023950776,"anomalyMode":false}
2025-04-24 22:53:26:5326 [device-generator] debug: Created device: {"deviceId":"dev-72a42874","type":"opening","name":"Opening Sensor 9","location":"Sleep Room","status":"active","batteryLevel":74,"lastValue":0,"anomalyMode":false}
2025-04-24 22:53:26:5326 [device-generator] debug: Created device: {"deviceId":"dev-017688e6","type":"pressure","name":"Pressure Sensor 10","location":"Cabinet","status":"active","batteryLevel":71,"lastValue":1013.2179210963571,"anomalyMode":false}
2025-04-24 22:53:26:5326 [device-generator] info: Initialized 10 devices
2025-04-24 22:53:26:5326 [device-generator] debug: Anomaly detected for device dev-9de04897: Temperature critically low
2025-04-24 22:56:39:5639 [device-generator] debug: Created device: {"deviceId":"dev-4a729739","type":"temperature","name":"Temperature Sensor 1","location":"Kitchen","status":"active","batteryLevel":77,"lastValue":22.075530002539715,"anomalyMode":false}
2025-04-24 22:56:39:5639 [device-generator] debug: Created device: {"deviceId":"dev-8146bc7b","type":"temperature","name":"Temperature Sensor 2","location":"Bathroom","status":"active","batteryLevel":61,"lastValue":24.257887333152965,"anomalyMode":false}
2025-04-24 22:56:39:5639 [device-generator] debug: Created device: {"deviceId":"dev-aee8891e","type":"temperature","name":"Temperature Sensor 3","location":"Sleep Room","status":"active","batteryLevel":63,"lastValue":22.284805027655096,"anomalyMode":false}
2025-04-24 22:56:39:5639 [device-generator] debug: Created device: {"deviceId":"dev-cb6f3479","type":"temperature","name":"Temperature Sensor 4","location":"Bathroom","status":"active","batteryLevel":41,"lastValue":21.63158036944933,"anomalyMode":false}
2025-04-24 22:56:39:5639 [device-generator] debug: Created device: {"deviceId":"dev-f1da26b9","type":"humidity","name":"Humidity Sensor 5","location":"Bathroom","status":"active","batteryLevel":24,"lastValue":43.23847468366677,"anomalyMode":false}
2025-04-24 22:56:39:5639 [device-generator] debug: Created device: {"deviceId":"dev-f1eeeb8f","type":"humidity","name":"Humidity Sensor 6","location":"Cabinet","status":"active","batteryLevel":36,"lastValue":46.33483393547674,"anomalyMode":false}
2025-04-24 22:56:39:5639 [device-generator] debug: Created device: {"deviceId":"dev-07a42cfe","type":"humidity","name":"Humidity Sensor 7","location":"Kitchen","status":"active","batteryLevel":88,"lastValue":50.190948124479995,"anomalyMode":false}
2025-04-24 22:56:39:5639 [device-generator] debug: Created device: {"deviceId":"dev-e7d2c6af","type":"light","name":"Light Sensor 8","location":"Guest Room","status":"active","batteryLevel":22,"lastValue":449.722916229243,"anomalyMode":false}
2025-04-24 22:56:39:5639 [device-generator] debug: Created device: {"deviceId":"dev-f3005c82","type":"opening","name":"Opening Sensor 9","location":"Sleep Room","status":"active","batteryLevel":54,"lastValue":0,"anomalyMode":false}
2025-04-24 22:56:39:5639 [device-generator] debug: Created device: {"deviceId":"dev-d8bcdfa9","type":"pressure","name":"Pressure Sensor 10","location":"Kitchen","status":"active","batteryLevel":10,"lastValue":1004.8057918658063,"anomalyMode":false}
2025-04-24 22:56:39:5639 [device-generator] info: Initialized 10 devices
2025-04-24 22:56:39:5639 [device-generator] debug: Anomaly detected for device dev-e7d2c6af: No lighting
2025-04-24 22:56:39:5639 [device-generator] debug: Anomaly detected for device dev-f3005c82: Frequent change of state
2025-04-24 22:56:44:5644 [device-generator] debug: Anomaly detected for device dev-f1da26b9: Humidity critically high
2025-04-24 23:04:50:450 [device-generator] debug: Created device: {"deviceId":"dev-0ec6b0be","type":"temperature","name":"Temperature Sensor 1","location":"Sleep Room","status":"active","batteryLevel":65,"lastValue":22.558538696950624,"anomalyMode":false}
2025-04-24 23:04:50:450 [device-generator] debug: Created device: {"deviceId":"dev-d0283fb9","type":"temperature","name":"Temperature Sensor 2","location":"Guest Room","status":"active","batteryLevel":9,"lastValue":24.89292553534718,"anomalyMode":false}
2025-04-24 23:04:50:450 [device-generator] debug: Created device: {"deviceId":"dev-c316c447","type":"temperature","name":"Temperature Sensor 3","location":"Bathroom","status":"active","batteryLevel":11,"lastValue":22.28072570705904,"anomalyMode":false}
2025-04-24 23:04:50:450 [device-generator] debug: Created device: {"deviceId":"dev-d6910639","type":"temperature","name":"Temperature Sensor 4","location":"Sleep Room","status":"active","batteryLevel":44,"lastValue":22.996771584202868,"anomalyMode":false}
2025-04-24 23:04:50:450 [device-generator] debug: Created device: {"deviceId":"dev-a0596133","type":"humidity","name":"Humidity Sensor 5","location":"Sleep Room","status":"active","batteryLevel":93,"lastValue":45.38630293888531,"anomalyMode":false}
2025-04-24 23:04:50:450 [device-generator] debug: Created device: {"deviceId":"dev-72c73ddf","type":"humidity","name":"Humidity Sensor 6","location":"Guest Room","status":"active","batteryLevel":66,"lastValue":53.30438904490193,"anomalyMode":false}
2025-04-24 23:04:50:450 [device-generator] debug: Created device: {"deviceId":"dev-62321ad6","type":"humidity","name":"Humidity Sensor 7","location":"Cabinet","status":"active","batteryLevel":18,"lastValue":45.02726016257448,"anomalyMode":false}
2025-04-24 23:04:50:450 [device-generator] debug: Created device: {"deviceId":"dev-0f710c19","type":"light","name":"Light Sensor 8","location":"Kitchen","status":"active","batteryLevel":81,"lastValue":381.41980593645087,"anomalyMode":false}
2025-04-24 23:04:50:450 [device-generator] debug: Created device: {"deviceId":"dev-94b22aab","type":"opening","name":"Opening Sensor 9","location":"Guest Room","status":"active","batteryLevel":29,"lastValue":0,"anomalyMode":false}
2025-04-24 23:04:50:450 [device-generator] debug: Created device: {"deviceId":"dev-e92dd1be","type":"air_quality","name":"Air_quality Sensor 10","location":"Cabinet","status":"active","batteryLevel":68,"lastValue":144.41518468191924,"anomalyMode":false}
2025-04-24 23:04:50:450 [device-generator] info: Initialized 10 devices
2025-04-24 23:06:16:616 [device-generator] debug: Created device: {"deviceId":"dev-a67baf69","type":"temperature","name":"Temperature Sensor 1","location":"Guest Room","status":"active","batteryLevel":17,"lastValue":24.82682698706582,"anomalyMode":false}
2025-04-24 23:06:16:616 [device-generator] debug: Created device: {"deviceId":"dev-deb6673e","type":"temperature","name":"Temperature Sensor 2","location":"Sleep Room","status":"active","batteryLevel":37,"lastValue":21.975311240300503,"anomalyMode":false}
2025-04-24 23:06:16:616 [device-generator] debug: Created device: {"deviceId":"dev-8dfcd40e","type":"temperature","name":"Temperature Sensor 3","location":"Kitchen","status":"active","batteryLevel":39,"lastValue":23.771503285077692,"anomalyMode":false}
2025-04-24 23:06:16:616 [device-generator] debug: Created device: {"deviceId":"dev-50b2e587","type":"temperature","name":"Temperature Sensor 4","location":"Bathroom","status":"active","batteryLevel":11,"lastValue":20.766094073135378,"anomalyMode":false}
2025-04-24 23:06:16:616 [device-generator] debug: Created device: {"deviceId":"dev-7295425b","type":"humidity","name":"Humidity Sensor 5","location":"Sleep Room","status":"active","batteryLevel":77,"lastValue":59.876975406245464,"anomalyMode":false}
2025-04-24 23:06:16:616 [device-generator] debug: Created device: {"deviceId":"dev-a641b804","type":"humidity","name":"Humidity Sensor 6","location":"Kitchen","status":"active","batteryLevel":82,"lastValue":51.0482321916551,"anomalyMode":false}
2025-04-24 23:06:16:616 [device-generator] debug: Created device: {"deviceId":"dev-fcd89b0d","type":"humidity","name":"Humidity Sensor 7","location":"Sleep Room","status":"active","batteryLevel":67,"lastValue":46.08861107584304,"anomalyMode":false}
2025-04-24 23:06:16:616 [device-generator] debug: Created device: {"deviceId":"dev-189d5879","type":"light","name":"Light Sensor 8","location":"Sleep Room","status":"active","batteryLevel":33,"lastValue":259.30210632936166,"anomalyMode":false}
2025-04-24 23:06:16:616 [device-generator] debug: Created device: {"deviceId":"dev-5e259f01","type":"opening","name":"Opening Sensor 9","location":"Sleep Room","status":"active","batteryLevel":30,"lastValue":0,"anomalyMode":false}
2025-04-24 23:06:16:616 [device-generator] debug: Created device: {"deviceId":"dev-6f139deb","type":"humidity","name":"Humidity Sensor 10","location":"Sleep Room","status":"active","batteryLevel":87,"lastValue":55.39492943505273,"anomalyMode":false}
2025-04-24 23:06:16:616 [device-generator] info: Initialized 10 devices
2025-04-25 09:48:15:4815 [device-generator] debug: Created device: {"deviceId":"dev-7ab9bab5","type":"temperature","name":"Temperature Sensor 1","location":"Kitchen","status":"active","batteryLevel":48,"lastValue":21.02528709667925,"anomalyMode":false}
2025-04-25 09:48:15:4815 [device-generator] debug: Created device: {"deviceId":"dev-a97681a2","type":"humidity","name":"Humidity Sensor 2","location":"Cabinet","status":"active","batteryLevel":42,"lastValue":46.003806499454726,"anomalyMode":false}
2025-04-25 09:48:15:4815 [device-generator] info: Initialized 2 devices
2025-04-25 10:21:26:2126 [device-generator] debug: Created device: {"deviceId":"dev-413b3e80","type":"temperature","name":"Temperature Sensor 1","location":"Kitchen","status":"active","batteryLevel":62,"lastValue":23.479637034042902,"anomalyMode":false}
2025-04-25 10:21:26:2126 [device-generator] debug: Created device: {"deviceId":"dev-5ee5ebf9","type":"temperature","name":"Temperature Sensor 2","location":"Bathroom","status":"active","batteryLevel":12,"lastValue":24.520760783116526,"anomalyMode":false}
2025-04-25 10:21:26:2126 [device-generator] debug: Created device: {"deviceId":"dev-2a19e51d","type":"temperature","name":"Temperature Sensor 3","location":"Guest Room","status":"active","batteryLevel":64,"lastValue":21.586885824857905,"anomalyMode":false}
2025-04-25 10:21:26:2126 [device-generator] debug: Created device: {"deviceId":"dev-7a993783","type":"temperature","name":"Temperature Sensor 4","location":"Cabinet","status":"active","batteryLevel":2,"lastValue":24.577018104703168,"anomalyMode":false}
2025-04-25 10:21:26:2126 [device-generator] debug: Created device: {"deviceId":"dev-22ee95e9","type":"humidity","name":"Humidity Sensor 5","location":"Sleep Room","status":"active","batteryLevel":29,"lastValue":50.09921945219427,"anomalyMode":false}
2025-04-25 10:21:26:2126 [device-generator] debug: Created device: {"deviceId":"dev-de331665","type":"humidity","name":"Humidity Sensor 6","location":"Cabinet","status":"active","batteryLevel":4,"lastValue":57.98852254199822,"anomalyMode":false}
2025-04-25 10:21:26:2126 [device-generator] debug: Created device: {"deviceId":"dev-8bcdbd93","type":"humidity","name":"Humidity Sensor 7","location":"Cabinet","status":"active","batteryLevel":81,"lastValue":45.488213111796306,"anomalyMode":false}
2025-04-25 10:21:26:2126 [device-generator] debug: Created device: {"deviceId":"dev-903f5171","type":"light","name":"Light Sensor 8","location":"Guest Room","status":"active","batteryLevel":89,"lastValue":484.4405576879178,"anomalyMode":false}
2025-04-25 10:21:26:2126 [device-generator] debug: Created device: {"deviceId":"dev-83ff7109","type":"opening","name":"Opening Sensor 9","location":"Sleep Room","status":"active","batteryLevel":41,"lastValue":0,"anomalyMode":false}
2025-04-25 10:21:26:2126 [device-generator] debug: Created device: {"deviceId":"dev-4a033f30","type":"opening","name":"Opening Sensor 10","location":"Guest Room","status":"active","batteryLevel":39,"lastValue":1,"anomalyMode":false}
2025-04-25 10:21:26:2126 [device-generator] info: Initialized 10 devices
2025-04-25 10:21:31:2131 [device-generator] debug: Anomaly detected for device dev-22ee95e9: Humidity critically low
2025-04-25 12:09:23:923 [device-generator] debug: Created device: {"deviceId":"dev-9cf4915a","type":"temperature","name":"Temperature Sensor 1","location":"Sleep Room","status":"active","batteryLevel":51,"lastValue":24.720124584112813,"anomalyMode":false}
2025-04-25 12:09:23:923 [device-generator] debug: Created device: {"deviceId":"dev-1914c8bd","type":"humidity","name":"Humidity Sensor 2","location":"Cabinet","status":"active","batteryLevel":71,"lastValue":44.38141669774483,"anomalyMode":false}
2025-04-25 12:09:23:923 [device-generator] info: Initialized 2 devices
2025-04-25 13:24:21:2421 [device-generator] debug: Created device: {"deviceId":"dev-e52e4b25","type":"temperature","name":"Temperature Sensor 1","location":"Sleep Room","status":"active","batteryLevel":50,"lastValue":20.91440453946443,"anomalyMode":false}
2025-04-25 13:24:21:2421 [device-generator] debug: Created device: {"deviceId":"dev-dfb2e8dd","type":"humidity","name":"Humidity Sensor 2","location":"Guest Room","status":"active","batteryLevel":70,"lastValue":59.696595825025156,"anomalyMode":false}
2025-04-25 13:24:21:2421 [device-generator] info: Initialized 2 devices
2025-04-25 13:29:31:2931 [device-generator] debug: Created device: {"deviceId":"dev-9039e7a4","type":"temperature","name":"Temperature Sensor 1","location":"Kitchen","status":"active","batteryLevel":87,"lastValue":22.503449605934467,"anomalyMode":false}
2025-04-25 13:29:31:2931 [device-generator] debug: Created device: {"deviceId":"dev-59c1592f","type":"humidity","name":"Humidity Sensor 2","location":"Kitchen","status":"active","batteryLevel":87,"lastValue":43.05963220395839,"anomalyMode":false}
2025-04-25 13:29:31:2931 [device-generator] info: Initialized 2 devices
2025-04-25 13:31:23:3123 [device-generator] debug: Created device: {"deviceId":"dev-9681d219","type":"temperature","name":"Temperature Sensor 1","location":"Bathroom","status":"active","batteryLevel":10,"lastValue":24.54783572699901,"anomalyMode":false}
2025-04-25 13:31:23:3123 [device-generator] debug: Created device: {"deviceId":"dev-b116384f","type":"humidity","name":"Humidity Sensor 2","location":"Sleep Room","status":"active","batteryLevel":99,"lastValue":43.9796894251357,"anomalyMode":false}
2025-04-25 13:31:23:3123 [device-generator] info: Initialized 2 devices
2025-04-25 20:39:41:3941 [device-generator] debug: Created device: {"deviceId":"dev-5014d033","type":"temperature","name":"Temperature Sensor 1","location":"Bathroom","status":"active","batteryLevel":14,"lastValue":22.6332743432036,"anomalyMode":false}
2025-04-25 20:39:41:3941 [device-generator] debug: Created device: {"deviceId":"dev-7e70f2d1","type":"humidity","name":"Humidity Sensor 2","location":"Sleep Room","status":"active","batteryLevel":97,"lastValue":52.482872265776955,"anomalyMode":false}
2025-04-25 20:39:41:3941 [device-generator] info: Initialized 2 devices
2025-04-25 20:39:46:3946 [device-generator] debug: Anomaly detected for device dev-7e70f2d1: Humidity critically low
2025-04-25 20:42:16:4216 [device-generator] debug: Created device: {"deviceId":"dev-0d2d6553","type":"temperature","name":"Temperature Sensor 1","location":"Cabinet","status":"active","batteryLevel":22,"lastValue":21.32739404852075,"anomalyMode":false}
2025-04-25 20:42:16:4216 [device-generator] debug: Created device: {"deviceId":"dev-0b434eb9","type":"humidity","name":"Humidity Sensor 2","location":"Kitchen","status":"active","batteryLevel":33,"lastValue":43.57783870224071,"anomalyMode":false}
2025-04-25 20:42:16:4216 [device-generator] info: Initialized 2 devices
2025-04-25 20:42:16:4216 [device-generator] debug: Anomaly detected for device dev-0b434eb9: Humidity critically low
2025-04-25 20:54:29:5429 [device-generator] debug: Created device: {"deviceId":"dev-8936f55b","type":"temperature","name":"Temperature Sensor 1","location":"Cabinet","status":"active","batteryLevel":25,"lastValue":21.604288095678562,"anomalyMode":false}
2025-04-25 20:54:29:5429 [device-generator] debug: Created device: {"deviceId":"dev-1dbb0d50","type":"humidity","name":"Humidity Sensor 2","location":"Kitchen","status":"active","batteryLevel":51,"lastValue":59.33745485019538,"anomalyMode":false}
2025-04-25 20:54:29:5429 [device-generator] info: Initialized 2 devices
